#
# There is insufficient memory for the Java Runtime Environment to continue.
# Native memory allocation (malloc) failed to allocate 1816512 bytes for Chunk::new
# Possible reasons:
#   The system is out of physical RAM or swap space
#   The process is running with CompressedOops enabled, and the Java Heap may be blocking the growth of the native heap
# Possible solutions:
#   Reduce memory load on the system
#   Increase physical memory or swap space
#   Check if swap backing store is full
#   Decrease Java heap size (-Xmx/-Xms)
#   Decrease number of Java threads
#   Decrease Java thread stack sizes (-Xss)
#   Set larger code cache with -XX:ReservedCodeCacheSize=
#   JVM is running with Unscaled Compressed Oops mode in which the Java heap is
#     placed in the first 4GB address space. The Java Heap base address is the
#     maximum limit for the native heap growth. Please use -XX:HeapBaseMinAddress
#     to set the Java Heap base and to place the Java Heap above 4GB virtual address.
# This output file may be truncated or incomplete.
#
#  Out of Memory Error (arena.cpp:189), pid=9508, tid=1632
#
# JRE version: Java(TM) SE Runtime Environment (17.0.10+11) (build 17.0.10+11-LTS-240)
# Java VM: Java HotSpot(TM) 64-Bit Server VM (17.0.10+11-LTS-240, mixed mode, sharing, tiered, compressed oops, compressed class ptrs, g1 gc, windows-amd64)
# No core dump will be written. Minidumps are not enabled by default on client versions of Windows
#

---------------  S U M M A R Y ------------

Command Line: --add-opens=java.base/java.util=ALL-UNNAMED --add-opens=java.base/java.lang=ALL-UNNAMED --add-opens=java.base/java.lang.invoke=ALL-UNNAMED --add-opens=java.prefs/java.util.prefs=ALL-UNNAMED --add-opens=java.base/java.nio.charset=ALL-UNNAMED --add-opens=java.base/java.net=ALL-UNNAMED --add-opens=java.base/java.util.concurrent.atomic=ALL-UNNAMED -XX:MaxMetaspaceSize=384m -XX:+HeapDumpOnOutOfMemoryError -Xms256m -Xmx512m -Dfile.encoding=windows-1252 -Duser.country=US -Duser.language=en -Duser.variant -javaagent:C:\Users\asus\.gradle\wrapper\dists\gradle-8.8-bin\dl7vupf4psengwqhwktix4v1\gradle-8.8\lib\agents\gradle-instrumentation-agent-8.8.jar org.gradle.launcher.daemon.bootstrap.GradleDaemon 8.8

Host: Intel(R) Core(TM) i5-9300H CPU @ 2.40GHz, 8 cores, 7G,  Windows 10 , 64 bit Build 19041 (10.0.19041.4597)
Time: Thu Jul 25 14:22:49 2024 SE Asia Standard Time elapsed time: 22.717746 seconds (0d 0h 0m 22s)

---------------  T H R E A D  ---------------

Current thread (0x000001aa1a23b5b0):  JavaThread "C2 CompilerThread1" daemon [_thread_in_native, id=1632, stack(0x0000003d52700000,0x0000003d52800000)]


Current CompileTask:
C2:  22717 6422       4       org.gradle.internal.reflect.ClassInspector::inspectClass (179 bytes)

Stack: [0x0000003d52700000,0x0000003d52800000]
Native frames: (J=compiled Java code, j=interpreted, Vv=VM code, C=native code)
V  [jvm.dll+0x677a5a]
V  [jvm.dll+0x7d8b2d]
V  [jvm.dll+0x7da48e]
V  [jvm.dll+0x7daaf3]
V  [jvm.dll+0x2455ff]
V  [jvm.dll+0xaaafb]
V  [jvm.dll+0xab09c]
V  [jvm.dll+0x361bae]
V  [jvm.dll+0x32c211]
V  [jvm.dll+0x32b6aa]
V  [jvm.dll+0x21794f]
V  [jvm.dll+0x216d81]
V  [jvm.dll+0x1a3410]
V  [jvm.dll+0x226aeb]
V  [jvm.dll+0x224cab]
V  [jvm.dll+0x78e45c]
V  [jvm.dll+0x78888a]
V  [jvm.dll+0x676935]
C  [ucrtbase.dll+0x21bb2]
C  [KERNEL32.DLL+0x17374]
C  [ntdll.dll+0x4cc91]


---------------  P R O C E S S  ---------------

Threads class SMR info:
_java_thread_list=0x000001aa1c76e280, length=75, elements={
0x000001aa505ba840, 0x000001aa6aeb1c70, 0x000001aa6aeb2a00, 0x000001aa6aec9100,
0x000001aa6aec9e90, 0x000001aa6aed0060, 0x000001aa6aece020, 0x000001aa6aed4e40,
0x000001aa6aeda770, 0x000001aa6aeee630, 0x000001aa6ae99f50, 0x000001aa19270400,
0x000001aa1aca3840, 0x000001aa1a2699f0, 0x000001aa1ac0aab0, 0x000001aa19ab53c0,
0x000001aa1a2135d0, 0x000001aa1a19e4f0, 0x000001aa1a19ea00, 0x000001aa1a19d5c0,
0x000001aa1a19c690, 0x000001aa1a19c180, 0x000001aa1a19f420, 0x000001aa1a19dfe0,
0x000001aa1a19bc70, 0x000001aa1a19d0b0, 0x000001aa1a19dad0, 0x000001aa1a19ef10,
0x000001aa1d0c4ec0, 0x000001aa1d0c3060, 0x000001aa1d0c49b0, 0x000001aa1d0c8160,
0x000001aa1d0c3a80, 0x000001aa1d0c9ab0, 0x000001aa1d0c8b80, 0x000001aa1d0c8670,
0x000001aa1d0c3f90, 0x000001aa1d0c53d0, 0x000001aa1d0c58e0, 0x000001aa1d0c5df0,
0x000001aa1d0c7c50, 0x000001aa1a23b5b0, 0x000001aa1d0c6300, 0x000001aa1d0ca9e0,
0x000001aa1d0c6810, 0x000001aa1d0c6d20, 0x000001aa1d0c7740, 0x000001aa1b39cb80,
0x000001aa1b3998e0, 0x000001aa1b39d090, 0x000001aa1b39e4d0, 0x000001aa1b39b230,
0x000001aa1b39c160, 0x000001aa1b39dab0, 0x000001aa1b39bc50, 0x000001aa1b39b740,
0x000001aa1b397060, 0x000001aa1b39e9e0, 0x000001aa1b39dfc0, 0x000001aa1b397570,
0x000001aa1b398ec0, 0x000001aa1b39c670, 0x000001aa1b39d5a0, 0x000001aa1b397a80,
0x000001aa1b3993d0, 0x000001aa1b39ad20, 0x000001aa1b3984a0, 0x000001aa1b399df0,
0x000001aa1b397f90, 0x000001aa1b3989b0, 0x000001aa1b39a300, 0x000001aa1b39a810,
0x000001aa1d10ea30, 0x000001aa1d10f960, 0x000001aa1d110380
}

Java Threads: ( => current thread )
  0x000001aa505ba840 JavaThread "main" [_thread_blocked, id=4816, stack(0x0000003d4f600000,0x0000003d4f700000)]
  0x000001aa6aeb1c70 JavaThread "Reference Handler" daemon [_thread_blocked, id=20464, stack(0x0000003d4fd00000,0x0000003d4fe00000)]
  0x000001aa6aeb2a00 JavaThread "Finalizer" daemon [_thread_blocked, id=15956, stack(0x0000003d4fe00000,0x0000003d4ff00000)]
  0x000001aa6aec9100 JavaThread "Signal Dispatcher" daemon [_thread_blocked, id=12388, stack(0x0000003d4ff00000,0x0000003d50000000)]
  0x000001aa6aec9e90 JavaThread "Attach Listener" daemon [_thread_blocked, id=15444, stack(0x0000003d50000000,0x0000003d50100000)]
  0x000001aa6aed0060 JavaThread "Service Thread" daemon [_thread_blocked, id=12412, stack(0x0000003d50100000,0x0000003d50200000)]
  0x000001aa6aece020 JavaThread "Monitor Deflation Thread" daemon [_thread_blocked, id=16040, stack(0x0000003d50200000,0x0000003d50300000)]
  0x000001aa6aed4e40 JavaThread "C2 CompilerThread0" daemon [_thread_blocked, id=1696, stack(0x0000003d50300000,0x0000003d50400000)]
  0x000001aa6aeda770 JavaThread "C1 CompilerThread0" daemon [_thread_blocked, id=16904, stack(0x0000003d50400000,0x0000003d50500000)]
  0x000001aa6aeee630 JavaThread "Sweeper thread" daemon [_thread_blocked, id=3788, stack(0x0000003d50500000,0x0000003d50600000)]
  0x000001aa6ae99f50 JavaThread "Common-Cleaner" daemon [_thread_blocked, id=14884, stack(0x0000003d50600000,0x0000003d50700000)]
  0x000001aa19270400 JavaThread "Notification Thread" daemon [_thread_blocked, id=14864, stack(0x0000003d50700000,0x0000003d50800000)]
  0x000001aa1aca3840 JavaThread "Daemon health stats" [_thread_blocked, id=12780, stack(0x0000003d50f00000,0x0000003d51000000)]
  0x000001aa1a2699f0 JavaThread "Incoming local TCP Connector on port 56226" [_thread_in_native, id=15660, stack(0x0000003d50900000,0x0000003d50a00000)]
  0x000001aa1ac0aab0 JavaThread "Daemon periodic checks" [_thread_blocked, id=6776, stack(0x0000003d51000000,0x0000003d51100000)]
  0x000001aa19ab53c0 JavaThread "Daemon" [_thread_blocked, id=18116, stack(0x0000003d51100000,0x0000003d51200000)]
  0x000001aa1a2135d0 JavaThread "Handler for socket connection from /127.0.0.1:56226 to /127.0.0.1:56227" [_thread_in_native, id=14792, stack(0x0000003d51200000,0x0000003d51300000)]
  0x000001aa1a19e4f0 JavaThread "Cancel handler" [_thread_blocked, id=17720, stack(0x0000003d51300000,0x0000003d51400000)]
  0x000001aa1a19ea00 JavaThread "Daemon worker" [_thread_blocked, id=11968, stack(0x0000003d51400000,0x0000003d51500000)]
  0x000001aa1a19d5c0 JavaThread "Asynchronous log dispatcher for DefaultDaemonConnection: socket connection from /127.0.0.1:56226 to /127.0.0.1:56227" [_thread_blocked, id=5820, stack(0x0000003d51500000,0x0000003d51600000)]
  0x000001aa1a19c690 JavaThread "Stdin handler" [_thread_blocked, id=9100, stack(0x0000003d51600000,0x0000003d51700000)]
  0x000001aa1a19c180 JavaThread "Daemon client event forwarder" [_thread_blocked, id=1788, stack(0x0000003d51700000,0x0000003d51800000)]
  0x000001aa1a19f420 JavaThread "Cache worker for journal cache (C:\Users\asus\.gradle\caches\journal-1)" [_thread_blocked, id=8696, stack(0x0000003d51800000,0x0000003d51900000)]
  0x000001aa1a19dfe0 JavaThread "File lock request listener" [_thread_in_native, id=14580, stack(0x0000003d51900000,0x0000003d51a00000)]
  0x000001aa1a19bc70 JavaThread "Cache worker for file hash cache (C:\Users\asus\.gradle\caches\8.8\fileHashes)" [_thread_blocked, id=14268, stack(0x0000003d51a00000,0x0000003d51b00000)]
  0x000001aa1a19d0b0 JavaThread "File lock release action executor" [_thread_blocked, id=19268, stack(0x0000003d51c00000,0x0000003d51d00000)]
  0x000001aa1a19dad0 JavaThread "Cache worker for file hash cache (D:\CodeGym\module4\module 4\ss10_session and cookie\Thuc_hanh\spring-save-username\.gradle\8.8\fileHashes)" [_thread_blocked, id=13756, stack(0x0000003d51f00000,0x0000003d52000000)]
  0x000001aa1a19ef10 JavaThread "File watcher server" daemon [_thread_in_native, id=19224, stack(0x0000003d52000000,0x0000003d52100000)]
  0x000001aa1d0c4ec0 JavaThread "File watcher consumer" daemon [_thread_blocked, id=11340, stack(0x0000003d52100000,0x0000003d52200000)]
  0x000001aa1d0c3060 JavaThread "Cache worker for checksums cache (D:\CodeGym\module4\module 4\ss10_session and cookie\Thuc_hanh\spring-save-username\.gradle\8.8\checksums)" [_thread_blocked, id=17472, stack(0x0000003d51b00000,0x0000003d51c00000)]
  0x000001aa1d0c49b0 JavaThread "Cache worker for file content cache (C:\Users\asus\.gradle\caches\8.8\fileContent)" [_thread_blocked, id=13148, stack(0x0000003d52300000,0x0000003d52400000)]
  0x000001aa1d0c8160 JavaThread "Cache worker for cache directory md-rule (C:\Users\asus\.gradle\caches\8.8\md-rule)" [_thread_blocked, id=15992, stack(0x0000003d52400000,0x0000003d52500000)]
  0x000001aa1d0c3a80 JavaThread "Cache worker for cache directory md-supplier (C:\Users\asus\.gradle\caches\8.8\md-supplier)" [_thread_blocked, id=2588, stack(0x0000003d52500000,0x0000003d52600000)]
  0x000001aa1d0c9ab0 JavaThread "jar transforms" [_thread_blocked, id=6024, stack(0x0000003d52600000,0x0000003d52700000)]
  0x000001aa1d0c8b80 JavaThread "jar transforms Thread 2" [_thread_blocked, id=2768, stack(0x0000003d52800000,0x0000003d52900000)]
  0x000001aa1d0c8670 JavaThread "jar transforms Thread 3" [_thread_blocked, id=19644, stack(0x0000003d52900000,0x0000003d52a00000)]
  0x000001aa1d0c3f90 JavaThread "jar transforms Thread 4" [_thread_blocked, id=12440, stack(0x0000003d52a00000,0x0000003d52b00000)]
  0x000001aa1d0c53d0 JavaThread "jar transforms Thread 5" [_thread_blocked, id=7000, stack(0x0000003d52b00000,0x0000003d52c00000)]
  0x000001aa1d0c58e0 JavaThread "jar transforms Thread 6" [_thread_blocked, id=16708, stack(0x0000003d52c00000,0x0000003d52d00000)]
  0x000001aa1d0c5df0 JavaThread "Cache worker for Build Output Cleanup Cache (D:\CodeGym\module4\module 4\ss10_session and cookie\Thuc_hanh\spring-save-username\.gradle\buildOutputCleanup)" [_thread_blocked, id=16988, stack(0x0000003d52d00000,0x0000003d52e00000)]
  0x000001aa1d0c7c50 JavaThread "jar transforms Thread 7" [_thread_blocked, id=17660, stack(0x0000003d52e00000,0x0000003d52f00000)]
=>0x000001aa1a23b5b0 JavaThread "C2 CompilerThread1" daemon [_thread_in_native, id=1632, stack(0x0000003d52700000,0x0000003d52800000)]
  0x000001aa1d0c6300 JavaThread "Unconstrained build operations" [_thread_blocked, id=18104, stack(0x0000003d52f00000,0x0000003d53000000)]
  0x000001aa1d0ca9e0 JavaThread "Unconstrained build operations Thread 2" [_thread_blocked, id=6736, stack(0x0000003d53000000,0x0000003d53100000)]
  0x000001aa1d0c6810 JavaThread "Unconstrained build operations Thread 3" [_thread_blocked, id=17280, stack(0x0000003d53100000,0x0000003d53200000)]
  0x000001aa1d0c6d20 JavaThread "Unconstrained build operations Thread 4" [_thread_blocked, id=7528, stack(0x0000003d53200000,0x0000003d53300000)]
  0x000001aa1d0c7740 JavaThread "Unconstrained build operations Thread 5" [_thread_blocked, id=18956, stack(0x0000003d53300000,0x0000003d53400000)]
  0x000001aa1b39cb80 JavaThread "Unconstrained build operations Thread 6" [_thread_blocked, id=20436, stack(0x0000003d53400000,0x0000003d53500000)]
  0x000001aa1b3998e0 JavaThread "Unconstrained build operations Thread 7" [_thread_blocked, id=19196, stack(0x0000003d53500000,0x0000003d53600000)]
  0x000001aa1b39d090 JavaThread "Unconstrained build operations Thread 8" [_thread_blocked, id=432, stack(0x0000003d53600000,0x0000003d53700000)]
  0x000001aa1b39e4d0 JavaThread "Unconstrained build operations Thread 9" [_thread_blocked, id=8604, stack(0x0000003d53700000,0x0000003d53800000)]
  0x000001aa1b39b230 JavaThread "Unconstrained build operations Thread 10" [_thread_blocked, id=2012, stack(0x0000003d53800000,0x0000003d53900000)]
  0x000001aa1b39c160 JavaThread "Unconstrained build operations Thread 11" [_thread_blocked, id=18696, stack(0x0000003d53900000,0x0000003d53a00000)]
  0x000001aa1b39dab0 JavaThread "Unconstrained build operations Thread 12" [_thread_blocked, id=6796, stack(0x0000003d53a00000,0x0000003d53b00000)]
  0x000001aa1b39bc50 JavaThread "Unconstrained build operations Thread 13" [_thread_blocked, id=1408, stack(0x0000003d53b00000,0x0000003d53c00000)]
  0x000001aa1b39b740 JavaThread "Unconstrained build operations Thread 14" [_thread_blocked, id=17000, stack(0x0000003d53c00000,0x0000003d53d00000)]
  0x000001aa1b397060 JavaThread "Unconstrained build operations Thread 15" [_thread_blocked, id=11024, stack(0x0000003d53d00000,0x0000003d53e00000)]
  0x000001aa1b39e9e0 JavaThread "Unconstrained build operations Thread 16" [_thread_blocked, id=20304, stack(0x0000003d53e00000,0x0000003d53f00000)]
  0x000001aa1b39dfc0 JavaThread "Unconstrained build operations Thread 17" [_thread_blocked, id=19896, stack(0x0000003d53f00000,0x0000003d54000000)]
  0x000001aa1b397570 JavaThread "Unconstrained build operations Thread 18" [_thread_blocked, id=16172, stack(0x0000003d54000000,0x0000003d54100000)]
  0x000001aa1b398ec0 JavaThread "Unconstrained build operations Thread 19" [_thread_blocked, id=20344, stack(0x0000003d54100000,0x0000003d54200000)]
  0x000001aa1b39c670 JavaThread "Unconstrained build operations Thread 20" [_thread_blocked, id=15812, stack(0x0000003d54200000,0x0000003d54300000)]
  0x000001aa1b39d5a0 JavaThread "Unconstrained build operations Thread 21" [_thread_blocked, id=4548, stack(0x0000003d54300000,0x0000003d54400000)]
  0x000001aa1b397a80 JavaThread "Memory manager" [_thread_blocked, id=19676, stack(0x0000003d54400000,0x0000003d54500000)]
  0x000001aa1b3993d0 JavaThread "jar transforms Thread 8" [_thread_blocked, id=3420, stack(0x0000003d54500000,0x0000003d54600000)]
  0x000001aa1b39ad20 JavaThread "ForkJoinPool.commonPool-worker-1" daemon [_thread_blocked, id=17780, stack(0x0000003d54600000,0x0000003d54700000)]
  0x000001aa1b3984a0 JavaThread "ForkJoinPool.commonPool-worker-2" daemon [_thread_blocked, id=18472, stack(0x0000003d54700000,0x0000003d54800000)]
  0x000001aa1b399df0 JavaThread "ForkJoinPool.commonPool-worker-3" daemon [_thread_blocked, id=10088, stack(0x0000003d54800000,0x0000003d54900000)]
  0x000001aa1b397f90 JavaThread "ForkJoinPool.commonPool-worker-4" daemon [_thread_blocked, id=15128, stack(0x0000003d54900000,0x0000003d54a00000)]
  0x000001aa1b3989b0 JavaThread "ForkJoinPool.commonPool-worker-5" daemon [_thread_blocked, id=11708, stack(0x0000003d54a00000,0x0000003d54b00000)]
  0x000001aa1b39a300 JavaThread "ForkJoinPool.commonPool-worker-6" daemon [_thread_blocked, id=12496, stack(0x0000003d54b00000,0x0000003d54c00000)]
  0x000001aa1b39a810 JavaThread "ForkJoinPool.commonPool-worker-7" daemon [_thread_blocked, id=18048, stack(0x0000003d54c00000,0x0000003d54d00000)]
  0x000001aa1d10ea30 JavaThread "Exec process" [_thread_in_native, id=19520, stack(0x0000003d54d00000,0x0000003d54e00000)]
  0x000001aa1d10f960 JavaThread "Exec process Thread 2" [_thread_in_native, id=16028, stack(0x0000003d54e00000,0x0000003d54f00000)]
  0x000001aa1d110380 JavaThread "Exec process Thread 3" [_thread_in_native, id=13740, stack(0x0000003d54f00000,0x0000003d55000000)]

Other Threads:
  0x000001aa6aeac9b0 VMThread "VM Thread" [stack: 0x0000003d4fc00000,0x0000003d4fd00000] [id=17860]
  0x000001aa192b8200 WatcherThread [stack: 0x0000003d50800000,0x0000003d50900000] [id=8120]
  0x000001aa505e8470 GCTaskThread "GC Thread#0" [stack: 0x0000003d4f700000,0x0000003d4f800000] [id=15768]
  0x000001aa1a1629e0 GCTaskThread "GC Thread#1" [stack: 0x0000003d50a00000,0x0000003d50b00000] [id=20020]
  0x000001aa1a162ca0 GCTaskThread "GC Thread#2" [stack: 0x0000003d50b00000,0x0000003d50c00000] [id=9924]
  0x000001aa19c4ec10 GCTaskThread "GC Thread#3" [stack: 0x0000003d50c00000,0x0000003d50d00000] [id=13612]
  0x000001aa19c4eed0 GCTaskThread "GC Thread#4" [stack: 0x0000003d50d00000,0x0000003d50e00000] [id=7456]
  0x000001aa19d0d350 GCTaskThread "GC Thread#5" [stack: 0x0000003d50e00000,0x0000003d50f00000] [id=19352]
  0x000001aa1ac4a830 GCTaskThread "GC Thread#6" [stack: 0x0000003d51d00000,0x0000003d51e00000] [id=13392]
  0x000001aa1ac4aaf0 GCTaskThread "GC Thread#7" [stack: 0x0000003d51e00000,0x0000003d51f00000] [id=1552]
  0x000001aa505ee2e0 ConcurrentGCThread "G1 Main Marker" [stack: 0x0000003d4f800000,0x0000003d4f900000] [id=16540]
  0x000001aa505eec00 ConcurrentGCThread "G1 Conc#0" [stack: 0x0000003d4f900000,0x0000003d4fa00000] [id=4236]
  0x000001aa1d8aa970 ConcurrentGCThread "G1 Conc#1" [stack: 0x0000003d52200000,0x0000003d52300000] [id=4528]
  0x000001aa6ad720d0 ConcurrentGCThread "G1 Refine#0" [stack: 0x0000003d4fa00000,0x0000003d4fb00000] [id=18024]
  0x000001aa6ad72a10 ConcurrentGCThread "G1 Service" [stack: 0x0000003d4fb00000,0x0000003d4fc00000] [id=14420]

Threads with active compile tasks:
C2 CompilerThread1    22785 6422       4       org.gradle.internal.reflect.ClassInspector::inspectClass (179 bytes)

VM state: not at safepoint (normal execution)

VM Mutex/Monitor currently owned by a thread: None

Heap address: 0x00000000e0000000, size: 512 MB, Compressed Oops mode: 32-bit

CDS archive(s) mapped at: [0x000001aa00000000-0x000001aa00bd0000-0x000001aa00bd0000), size 12386304, SharedBaseAddress: 0x000001aa00000000, ArchiveRelocationMode: 1.
Compressed class space mapped at: 0x000001aa01000000-0x000001aa15000000, reserved size: 335544320
Narrow klass base: 0x000001aa00000000, Narrow klass shift: 0, Narrow klass range: 0x100000000

GC Precious Log:
 CPUs: 8 total, 8 available
 Memory: 8043M
 Large Page Support: Disabled
 NUMA Support: Disabled
 Compressed Oops: Enabled (32-bit)
 Heap Region Size: 1M
 Heap Min Capacity: 256M
 Heap Initial Capacity: 256M
 Heap Max Capacity: 512M
 Pre-touch: Disabled
 Parallel Workers: 8
 Concurrent Workers: 2
 Concurrent Refinement Workers: 8
 Periodic GC: Disabled

Heap:
 garbage-first heap   total 262144K, used 71477K [0x00000000e0000000, 0x0000000100000000)
  region size 1024K, 49 young (50176K), 18 survivors (18432K)
 Metaspace       used 50099K, committed 50624K, reserved 393216K
  class space    used 7182K, committed 7424K, reserved 327680K

Heap Regions: E=young(eden), S=young(survivor), O=old, HS=humongous(starts), HC=humongous(continues), CS=collection set, F=free, OA=open archive, CA=closed archive, TAMS=top-at-mark-start (previous, next)
|   0|0x00000000e0000000, 0x00000000e0100000, 0x00000000e0100000|100%|HS|  |TAMS 0x00000000e0100000, 0x00000000e0000000| Complete 
|   1|0x00000000e0100000, 0x00000000e0200000, 0x00000000e0200000|100%|HC|  |TAMS 0x00000000e0200000, 0x00000000e0100000| Complete 
|   2|0x00000000e0200000, 0x00000000e0300000, 0x00000000e0300000|100%|HC|  |TAMS 0x00000000e0300000, 0x00000000e0200000| Complete 
|   3|0x00000000e0300000, 0x00000000e0400000, 0x00000000e0400000|100%|HC|  |TAMS 0x00000000e0400000, 0x00000000e0300000| Complete 
|   4|0x00000000e0400000, 0x00000000e0500000, 0x00000000e0500000|100%| O|  |TAMS 0x00000000e0500000, 0x00000000e0400000| Untracked 
|   5|0x00000000e0500000, 0x00000000e0600000, 0x00000000e0600000|100%| O|  |TAMS 0x00000000e0600000, 0x00000000e0500000| Untracked 
|   6|0x00000000e0600000, 0x00000000e0700000, 0x00000000e0700000|100%| O|  |TAMS 0x00000000e0700000, 0x00000000e0600000| Untracked 
|   7|0x00000000e0700000, 0x00000000e0800000, 0x00000000e0800000|100%| O|  |TAMS 0x00000000e0800000, 0x00000000e0700000| Untracked 
|   8|0x00000000e0800000, 0x00000000e0900000, 0x00000000e0900000|100%| O|  |TAMS 0x00000000e0900000, 0x00000000e0800000| Untracked 
|   9|0x00000000e0900000, 0x00000000e0a00000, 0x00000000e0a00000|100%| O|  |TAMS 0x00000000e0a00000, 0x00000000e0900000| Untracked 
|  10|0x00000000e0a00000, 0x00000000e0b00000, 0x00000000e0b00000|100%| O|  |TAMS 0x00000000e0b00000, 0x00000000e0a00000| Untracked 
|  11|0x00000000e0b00000, 0x00000000e0c00000, 0x00000000e0c00000|100%|HS|  |TAMS 0x00000000e0c00000, 0x00000000e0b00000| Complete 
|  12|0x00000000e0c00000, 0x00000000e0d00000, 0x00000000e0d00000|100%| O|  |TAMS 0x00000000e0cb9a00, 0x00000000e0c00000| Untracked 
|  13|0x00000000e0d00000, 0x00000000e0d00000, 0x00000000e0e00000|  0%| F|  |TAMS 0x00000000e0d00000, 0x00000000e0d00000| Untracked 
|  14|0x00000000e0e00000, 0x00000000e0e00000, 0x00000000e0f00000|  0%| F|  |TAMS 0x00000000e0e00000, 0x00000000e0e00000| Untracked 
|  15|0x00000000e0f00000, 0x00000000e0f00000, 0x00000000e1000000|  0%| F|  |TAMS 0x00000000e0f00000, 0x00000000e0f00000| Untracked 
|  16|0x00000000e1000000, 0x00000000e1000000, 0x00000000e1100000|  0%| F|  |TAMS 0x00000000e1000000, 0x00000000e1000000| Untracked 
|  17|0x00000000e1100000, 0x00000000e1100000, 0x00000000e1200000|  0%| F|  |TAMS 0x00000000e1100000, 0x00000000e1100000| Untracked 
|  18|0x00000000e1200000, 0x00000000e1300000, 0x00000000e1300000|100%| O|  |TAMS 0x00000000e1200000, 0x00000000e1200000| Untracked 
|  19|0x00000000e1300000, 0x00000000e1400000, 0x00000000e1400000|100%| O|  |TAMS 0x00000000e1300000, 0x00000000e1300000| Untracked 
|  20|0x00000000e1400000, 0x00000000e1500000, 0x00000000e1500000|100%| O|  |TAMS 0x00000000e1400000, 0x00000000e1400000| Untracked 
|  21|0x00000000e1500000, 0x00000000e1600000, 0x00000000e1600000|100%| O|  |TAMS 0x00000000e1500000, 0x00000000e1500000| Untracked 
|  22|0x00000000e1600000, 0x00000000e1700000, 0x00000000e1700000|100%| O|  |TAMS 0x00000000e1600000, 0x00000000e1600000| Untracked 
|  23|0x00000000e1700000, 0x00000000e1800000, 0x00000000e1800000|100%| O|  |TAMS 0x00000000e1700000, 0x00000000e1700000| Untracked 
|  24|0x00000000e1800000, 0x00000000e1900000, 0x00000000e1900000|100%| O|  |TAMS 0x00000000e1800000, 0x00000000e1800000| Untracked 
|  25|0x00000000e1900000, 0x00000000e1a00000, 0x00000000e1a00000|100%| O|  |TAMS 0x00000000e1900000, 0x00000000e1900000| Untracked 
|  26|0x00000000e1a00000, 0x00000000e1acd400, 0x00000000e1b00000| 80%| O|  |TAMS 0x00000000e1a00000, 0x00000000e1a00000| Untracked 
|  27|0x00000000e1b00000, 0x00000000e1b00000, 0x00000000e1c00000|  0%| F|  |TAMS 0x00000000e1b00000, 0x00000000e1b00000| Untracked 
|  28|0x00000000e1c00000, 0x00000000e1c00000, 0x00000000e1d00000|  0%| F|  |TAMS 0x00000000e1c00000, 0x00000000e1c00000| Untracked 
|  29|0x00000000e1d00000, 0x00000000e1d00000, 0x00000000e1e00000|  0%| F|  |TAMS 0x00000000e1d00000, 0x00000000e1d00000| Untracked 
|  30|0x00000000e1e00000, 0x00000000e1e00000, 0x00000000e1f00000|  0%| F|  |TAMS 0x00000000e1e00000, 0x00000000e1e00000| Untracked 
|  31|0x00000000e1f00000, 0x00000000e1f00000, 0x00000000e2000000|  0%| F|  |TAMS 0x00000000e1f00000, 0x00000000e1f00000| Untracked 
|  32|0x00000000e2000000, 0x00000000e2000000, 0x00000000e2100000|  0%| F|  |TAMS 0x00000000e2000000, 0x00000000e2000000| Untracked 
|  33|0x00000000e2100000, 0x00000000e2100000, 0x00000000e2200000|  0%| F|  |TAMS 0x00000000e2100000, 0x00000000e2100000| Untracked 
|  34|0x00000000e2200000, 0x00000000e2200000, 0x00000000e2300000|  0%| F|  |TAMS 0x00000000e2200000, 0x00000000e2200000| Untracked 
|  35|0x00000000e2300000, 0x00000000e2300000, 0x00000000e2400000|  0%| F|  |TAMS 0x00000000e2300000, 0x00000000e2300000| Untracked 
|  36|0x00000000e2400000, 0x00000000e2400000, 0x00000000e2500000|  0%| F|  |TAMS 0x00000000e2400000, 0x00000000e2400000| Untracked 
|  37|0x00000000e2500000, 0x00000000e2500000, 0x00000000e2600000|  0%| F|  |TAMS 0x00000000e2500000, 0x00000000e2500000| Untracked 
|  38|0x00000000e2600000, 0x00000000e2600000, 0x00000000e2700000|  0%| F|  |TAMS 0x00000000e2600000, 0x00000000e2600000| Untracked 
|  39|0x00000000e2700000, 0x00000000e2700000, 0x00000000e2800000|  0%| F|  |TAMS 0x00000000e2700000, 0x00000000e2700000| Untracked 
|  40|0x00000000e2800000, 0x00000000e2800000, 0x00000000e2900000|  0%| F|  |TAMS 0x00000000e2800000, 0x00000000e2800000| Untracked 
|  41|0x00000000e2900000, 0x00000000e2900000, 0x00000000e2a00000|  0%| F|  |TAMS 0x00000000e2900000, 0x00000000e2900000| Untracked 
|  42|0x00000000e2a00000, 0x00000000e2a00000, 0x00000000e2b00000|  0%| F|  |TAMS 0x00000000e2a00000, 0x00000000e2a00000| Untracked 
|  43|0x00000000e2b00000, 0x00000000e2b00000, 0x00000000e2c00000|  0%| F|  |TAMS 0x00000000e2b00000, 0x00000000e2b00000| Untracked 
|  44|0x00000000e2c00000, 0x00000000e2c00000, 0x00000000e2d00000|  0%| F|  |TAMS 0x00000000e2c00000, 0x00000000e2c00000| Untracked 
|  45|0x00000000e2d00000, 0x00000000e2d00000, 0x00000000e2e00000|  0%| F|  |TAMS 0x00000000e2d00000, 0x00000000e2d00000| Untracked 
|  46|0x00000000e2e00000, 0x00000000e2e00000, 0x00000000e2f00000|  0%| F|  |TAMS 0x00000000e2e00000, 0x00000000e2e00000| Untracked 
|  47|0x00000000e2f00000, 0x00000000e2f00000, 0x00000000e3000000|  0%| F|  |TAMS 0x00000000e2f00000, 0x00000000e2f00000| Untracked 
|  48|0x00000000e3000000, 0x00000000e3000000, 0x00000000e3100000|  0%| F|  |TAMS 0x00000000e3000000, 0x00000000e3000000| Untracked 
|  49|0x00000000e3100000, 0x00000000e3100000, 0x00000000e3200000|  0%| F|  |TAMS 0x00000000e3100000, 0x00000000e3100000| Untracked 
|  50|0x00000000e3200000, 0x00000000e3200000, 0x00000000e3300000|  0%| F|  |TAMS 0x00000000e3200000, 0x00000000e3200000| Untracked 
|  51|0x00000000e3300000, 0x00000000e3300000, 0x00000000e3400000|  0%| F|  |TAMS 0x00000000e3300000, 0x00000000e3300000| Untracked 
|  52|0x00000000e3400000, 0x00000000e3400000, 0x00000000e3500000|  0%| F|  |TAMS 0x00000000e3400000, 0x00000000e3400000| Untracked 
|  53|0x00000000e3500000, 0x00000000e3500000, 0x00000000e3600000|  0%| F|  |TAMS 0x00000000e3500000, 0x00000000e3500000| Untracked 
|  54|0x00000000e3600000, 0x00000000e3600000, 0x00000000e3700000|  0%| F|  |TAMS 0x00000000e3600000, 0x00000000e3600000| Untracked 
|  55|0x00000000e3700000, 0x00000000e3700000, 0x00000000e3800000|  0%| F|  |TAMS 0x00000000e3700000, 0x00000000e3700000| Untracked 
|  56|0x00000000e3800000, 0x00000000e3800000, 0x00000000e3900000|  0%| F|  |TAMS 0x00000000e3800000, 0x00000000e3800000| Untracked 
|  57|0x00000000e3900000, 0x00000000e3900000, 0x00000000e3a00000|  0%| F|  |TAMS 0x00000000e3900000, 0x00000000e3900000| Untracked 
|  58|0x00000000e3a00000, 0x00000000e3a00000, 0x00000000e3b00000|  0%| F|  |TAMS 0x00000000e3a00000, 0x00000000e3a00000| Untracked 
|  59|0x00000000e3b00000, 0x00000000e3b00000, 0x00000000e3c00000|  0%| F|  |TAMS 0x00000000e3b00000, 0x00000000e3b00000| Untracked 
|  60|0x00000000e3c00000, 0x00000000e3c00000, 0x00000000e3d00000|  0%| F|  |TAMS 0x00000000e3c00000, 0x00000000e3c00000| Untracked 
|  61|0x00000000e3d00000, 0x00000000e3d00000, 0x00000000e3e00000|  0%| F|  |TAMS 0x00000000e3d00000, 0x00000000e3d00000| Untracked 
|  62|0x00000000e3e00000, 0x00000000e3e00000, 0x00000000e3f00000|  0%| F|  |TAMS 0x00000000e3e00000, 0x00000000e3e00000| Untracked 
|  63|0x00000000e3f00000, 0x00000000e3f00000, 0x00000000e4000000|  0%| F|  |TAMS 0x00000000e3f00000, 0x00000000e3f00000| Untracked 
|  64|0x00000000e4000000, 0x00000000e4000000, 0x00000000e4100000|  0%| F|  |TAMS 0x00000000e4000000, 0x00000000e4000000| Untracked 
|  65|0x00000000e4100000, 0x00000000e4100000, 0x00000000e4200000|  0%| F|  |TAMS 0x00000000e4100000, 0x00000000e4100000| Untracked 
|  66|0x00000000e4200000, 0x00000000e4200000, 0x00000000e4300000|  0%| F|  |TAMS 0x00000000e4200000, 0x00000000e4200000| Untracked 
|  67|0x00000000e4300000, 0x00000000e4300000, 0x00000000e4400000|  0%| F|  |TAMS 0x00000000e4300000, 0x00000000e4300000| Untracked 
|  68|0x00000000e4400000, 0x00000000e4400000, 0x00000000e4500000|  0%| F|  |TAMS 0x00000000e4400000, 0x00000000e4400000| Untracked 
|  69|0x00000000e4500000, 0x00000000e4500000, 0x00000000e4600000|  0%| F|  |TAMS 0x00000000e4500000, 0x00000000e4500000| Untracked 
|  70|0x00000000e4600000, 0x00000000e4600000, 0x00000000e4700000|  0%| F|  |TAMS 0x00000000e4600000, 0x00000000e4600000| Untracked 
|  71|0x00000000e4700000, 0x00000000e4700000, 0x00000000e4800000|  0%| F|  |TAMS 0x00000000e4700000, 0x00000000e4700000| Untracked 
|  72|0x00000000e4800000, 0x00000000e4800000, 0x00000000e4900000|  0%| F|  |TAMS 0x00000000e4800000, 0x00000000e4800000| Untracked 
|  73|0x00000000e4900000, 0x00000000e4900000, 0x00000000e4a00000|  0%| F|  |TAMS 0x00000000e4900000, 0x00000000e4900000| Untracked 
|  74|0x00000000e4a00000, 0x00000000e4a00000, 0x00000000e4b00000|  0%| F|  |TAMS 0x00000000e4a00000, 0x00000000e4a00000| Untracked 
|  75|0x00000000e4b00000, 0x00000000e4b00000, 0x00000000e4c00000|  0%| F|  |TAMS 0x00000000e4b00000, 0x00000000e4b00000| Untracked 
|  76|0x00000000e4c00000, 0x00000000e4c00000, 0x00000000e4d00000|  0%| F|  |TAMS 0x00000000e4c00000, 0x00000000e4c00000| Untracked 
|  77|0x00000000e4d00000, 0x00000000e4d00000, 0x00000000e4e00000|  0%| F|  |TAMS 0x00000000e4d00000, 0x00000000e4d00000| Untracked 
|  78|0x00000000e4e00000, 0x00000000e4e00000, 0x00000000e4f00000|  0%| F|  |TAMS 0x00000000e4e00000, 0x00000000e4e00000| Untracked 
|  79|0x00000000e4f00000, 0x00000000e4f00000, 0x00000000e5000000|  0%| F|  |TAMS 0x00000000e4f00000, 0x00000000e4f00000| Untracked 
|  80|0x00000000e5000000, 0x00000000e5000000, 0x00000000e5100000|  0%| F|  |TAMS 0x00000000e5000000, 0x00000000e5000000| Untracked 
|  81|0x00000000e5100000, 0x00000000e5100000, 0x00000000e5200000|  0%| F|  |TAMS 0x00000000e5100000, 0x00000000e5100000| Untracked 
|  82|0x00000000e5200000, 0x00000000e5200000, 0x00000000e5300000|  0%| F|  |TAMS 0x00000000e5200000, 0x00000000e5200000| Untracked 
|  83|0x00000000e5300000, 0x00000000e5300000, 0x00000000e5400000|  0%| F|  |TAMS 0x00000000e5300000, 0x00000000e5300000| Untracked 
|  84|0x00000000e5400000, 0x00000000e5400000, 0x00000000e5500000|  0%| F|  |TAMS 0x00000000e5400000, 0x00000000e5400000| Untracked 
|  85|0x00000000e5500000, 0x00000000e5600000, 0x00000000e5600000|100%| S|CS|TAMS 0x00000000e5500000, 0x00000000e5500000| Complete 
|  86|0x00000000e5600000, 0x00000000e5700000, 0x00000000e5700000|100%| S|CS|TAMS 0x00000000e5600000, 0x00000000e5600000| Complete 
|  87|0x00000000e5700000, 0x00000000e5800000, 0x00000000e5800000|100%| S|CS|TAMS 0x00000000e5700000, 0x00000000e5700000| Complete 
|  88|0x00000000e5800000, 0x00000000e5900000, 0x00000000e5900000|100%| S|CS|TAMS 0x00000000e5800000, 0x00000000e5800000| Complete 
|  89|0x00000000e5900000, 0x00000000e5a00000, 0x00000000e5a00000|100%| S|CS|TAMS 0x00000000e5900000, 0x00000000e5900000| Complete 
|  90|0x00000000e5a00000, 0x00000000e5b00000, 0x00000000e5b00000|100%| S|CS|TAMS 0x00000000e5a00000, 0x00000000e5a00000| Complete 
|  91|0x00000000e5b00000, 0x00000000e5c00000, 0x00000000e5c00000|100%| S|CS|TAMS 0x00000000e5b00000, 0x00000000e5b00000| Complete 
|  92|0x00000000e5c00000, 0x00000000e5d00000, 0x00000000e5d00000|100%| S|CS|TAMS 0x00000000e5c00000, 0x00000000e5c00000| Complete 
|  93|0x00000000e5d00000, 0x00000000e5e00000, 0x00000000e5e00000|100%| S|CS|TAMS 0x00000000e5d00000, 0x00000000e5d00000| Complete 
|  94|0x00000000e5e00000, 0x00000000e5f00000, 0x00000000e5f00000|100%| S|CS|TAMS 0x00000000e5e00000, 0x00000000e5e00000| Complete 
|  95|0x00000000e5f00000, 0x00000000e6000000, 0x00000000e6000000|100%| S|CS|TAMS 0x00000000e5f00000, 0x00000000e5f00000| Complete 
|  96|0x00000000e6000000, 0x00000000e6100000, 0x00000000e6100000|100%| S|CS|TAMS 0x00000000e6000000, 0x00000000e6000000| Complete 
|  97|0x00000000e6100000, 0x00000000e6200000, 0x00000000e6200000|100%| S|CS|TAMS 0x00000000e6100000, 0x00000000e6100000| Complete 
|  98|0x00000000e6200000, 0x00000000e6300000, 0x00000000e6300000|100%| S|CS|TAMS 0x00000000e6200000, 0x00000000e6200000| Complete 
|  99|0x00000000e6300000, 0x00000000e6400000, 0x00000000e6400000|100%| S|CS|TAMS 0x00000000e6300000, 0x00000000e6300000| Complete 
| 100|0x00000000e6400000, 0x00000000e6500000, 0x00000000e6500000|100%| S|CS|TAMS 0x00000000e6400000, 0x00000000e6400000| Complete 
| 101|0x00000000e6500000, 0x00000000e6600000, 0x00000000e6600000|100%| S|CS|TAMS 0x00000000e6500000, 0x00000000e6500000| Complete 
| 102|0x00000000e6600000, 0x00000000e6700000, 0x00000000e6700000|100%| S|CS|TAMS 0x00000000e6600000, 0x00000000e6600000| Complete 
| 103|0x00000000e6700000, 0x00000000e6700000, 0x00000000e6800000|  0%| F|  |TAMS 0x00000000e6700000, 0x00000000e6700000| Untracked 
| 104|0x00000000e6800000, 0x00000000e6800000, 0x00000000e6900000|  0%| F|  |TAMS 0x00000000e6800000, 0x00000000e6800000| Untracked 
| 105|0x00000000e6900000, 0x00000000e6900000, 0x00000000e6a00000|  0%| F|  |TAMS 0x00000000e6900000, 0x00000000e6900000| Untracked 
| 106|0x00000000e6a00000, 0x00000000e6a00000, 0x00000000e6b00000|  0%| F|  |TAMS 0x00000000e6a00000, 0x00000000e6a00000| Untracked 
| 107|0x00000000e6b00000, 0x00000000e6b00000, 0x00000000e6c00000|  0%| F|  |TAMS 0x00000000e6b00000, 0x00000000e6b00000| Untracked 
| 108|0x00000000e6c00000, 0x00000000e6c00000, 0x00000000e6d00000|  0%| F|  |TAMS 0x00000000e6c00000, 0x00000000e6c00000| Untracked 
| 109|0x00000000e6d00000, 0x00000000e6d00000, 0x00000000e6e00000|  0%| F|  |TAMS 0x00000000e6d00000, 0x00000000e6d00000| Untracked 
| 110|0x00000000e6e00000, 0x00000000e6e00000, 0x00000000e6f00000|  0%| F|  |TAMS 0x00000000e6e00000, 0x00000000e6e00000| Untracked 
| 111|0x00000000e6f00000, 0x00000000e6f00000, 0x00000000e7000000|  0%| F|  |TAMS 0x00000000e6f00000, 0x00000000e6f00000| Untracked 
| 112|0x00000000e7000000, 0x00000000e7000000, 0x00000000e7100000|  0%| F|  |TAMS 0x00000000e7000000, 0x00000000e7000000| Untracked 
| 113|0x00000000e7100000, 0x00000000e7100000, 0x00000000e7200000|  0%| F|  |TAMS 0x00000000e7100000, 0x00000000e7100000| Untracked 
| 114|0x00000000e7200000, 0x00000000e7200000, 0x00000000e7300000|  0%| F|  |TAMS 0x00000000e7200000, 0x00000000e7200000| Untracked 
| 115|0x00000000e7300000, 0x00000000e7300000, 0x00000000e7400000|  0%| F|  |TAMS 0x00000000e7300000, 0x00000000e7300000| Untracked 
| 116|0x00000000e7400000, 0x00000000e7400000, 0x00000000e7500000|  0%| F|  |TAMS 0x00000000e7400000, 0x00000000e7400000| Untracked 
| 117|0x00000000e7500000, 0x00000000e7500000, 0x00000000e7600000|  0%| F|  |TAMS 0x00000000e7500000, 0x00000000e7500000| Untracked 
| 118|0x00000000e7600000, 0x00000000e7600000, 0x00000000e7700000|  0%| F|  |TAMS 0x00000000e7600000, 0x00000000e7600000| Untracked 
| 119|0x00000000e7700000, 0x00000000e7700000, 0x00000000e7800000|  0%| F|  |TAMS 0x00000000e7700000, 0x00000000e7700000| Untracked 
| 120|0x00000000e7800000, 0x00000000e7800000, 0x00000000e7900000|  0%| F|  |TAMS 0x00000000e7800000, 0x00000000e7800000| Untracked 
| 121|0x00000000e7900000, 0x00000000e7900000, 0x00000000e7a00000|  0%| F|  |TAMS 0x00000000e7900000, 0x00000000e7900000| Untracked 
| 122|0x00000000e7a00000, 0x00000000e7a00000, 0x00000000e7b00000|  0%| F|  |TAMS 0x00000000e7a00000, 0x00000000e7a00000| Untracked 
| 123|0x00000000e7b00000, 0x00000000e7b00000, 0x00000000e7c00000|  0%| F|  |TAMS 0x00000000e7b00000, 0x00000000e7b00000| Untracked 
| 124|0x00000000e7c00000, 0x00000000e7c00000, 0x00000000e7d00000|  0%| F|  |TAMS 0x00000000e7c00000, 0x00000000e7c00000| Untracked 
| 125|0x00000000e7d00000, 0x00000000e7d00000, 0x00000000e7e00000|  0%| F|  |TAMS 0x00000000e7d00000, 0x00000000e7d00000| Untracked 
| 126|0x00000000e7e00000, 0x00000000e7e00000, 0x00000000e7f00000|  0%| F|  |TAMS 0x00000000e7e00000, 0x00000000e7e00000| Untracked 
| 127|0x00000000e7f00000, 0x00000000e7f00000, 0x00000000e8000000|  0%| F|  |TAMS 0x00000000e7f00000, 0x00000000e7f00000| Untracked 
| 128|0x00000000e8000000, 0x00000000e8000000, 0x00000000e8100000|  0%| F|  |TAMS 0x00000000e8000000, 0x00000000e8000000| Untracked 
| 129|0x00000000e8100000, 0x00000000e8100000, 0x00000000e8200000|  0%| F|  |TAMS 0x00000000e8100000, 0x00000000e8100000| Untracked 
| 130|0x00000000e8200000, 0x00000000e8200000, 0x00000000e8300000|  0%| F|  |TAMS 0x00000000e8200000, 0x00000000e8200000| Untracked 
| 131|0x00000000e8300000, 0x00000000e8300000, 0x00000000e8400000|  0%| F|  |TAMS 0x00000000e8300000, 0x00000000e8300000| Untracked 
| 132|0x00000000e8400000, 0x00000000e8400000, 0x00000000e8500000|  0%| F|  |TAMS 0x00000000e8400000, 0x00000000e8400000| Untracked 
| 133|0x00000000e8500000, 0x00000000e8500000, 0x00000000e8600000|  0%| F|  |TAMS 0x00000000e8500000, 0x00000000e8500000| Untracked 
| 134|0x00000000e8600000, 0x00000000e8600000, 0x00000000e8700000|  0%| F|  |TAMS 0x00000000e8600000, 0x00000000e8600000| Untracked 
| 135|0x00000000e8700000, 0x00000000e8700000, 0x00000000e8800000|  0%| F|  |TAMS 0x00000000e8700000, 0x00000000e8700000| Untracked 
| 136|0x00000000e8800000, 0x00000000e8800000, 0x00000000e8900000|  0%| F|  |TAMS 0x00000000e8800000, 0x00000000e8800000| Untracked 
| 137|0x00000000e8900000, 0x00000000e8900000, 0x00000000e8a00000|  0%| F|  |TAMS 0x00000000e8900000, 0x00000000e8900000| Untracked 
| 138|0x00000000e8a00000, 0x00000000e8a00000, 0x00000000e8b00000|  0%| F|  |TAMS 0x00000000e8a00000, 0x00000000e8a00000| Untracked 
| 139|0x00000000e8b00000, 0x00000000e8b00000, 0x00000000e8c00000|  0%| F|  |TAMS 0x00000000e8b00000, 0x00000000e8b00000| Untracked 
| 140|0x00000000e8c00000, 0x00000000e8c00000, 0x00000000e8d00000|  0%| F|  |TAMS 0x00000000e8c00000, 0x00000000e8c00000| Untracked 
| 141|0x00000000e8d00000, 0x00000000e8d00000, 0x00000000e8e00000|  0%| F|  |TAMS 0x00000000e8d00000, 0x00000000e8d00000| Untracked 
| 142|0x00000000e8e00000, 0x00000000e8e00000, 0x00000000e8f00000|  0%| F|  |TAMS 0x00000000e8e00000, 0x00000000e8e00000| Untracked 
| 143|0x00000000e8f00000, 0x00000000e8f00000, 0x00000000e9000000|  0%| F|  |TAMS 0x00000000e8f00000, 0x00000000e8f00000| Untracked 
| 144|0x00000000e9000000, 0x00000000e9000000, 0x00000000e9100000|  0%| F|  |TAMS 0x00000000e9000000, 0x00000000e9000000| Untracked 
| 145|0x00000000e9100000, 0x00000000e9100000, 0x00000000e9200000|  0%| F|  |TAMS 0x00000000e9100000, 0x00000000e9100000| Untracked 
| 146|0x00000000e9200000, 0x00000000e9200000, 0x00000000e9300000|  0%| F|  |TAMS 0x00000000e9200000, 0x00000000e9200000| Untracked 
| 147|0x00000000e9300000, 0x00000000e9300000, 0x00000000e9400000|  0%| F|  |TAMS 0x00000000e9300000, 0x00000000e9300000| Untracked 
| 148|0x00000000e9400000, 0x00000000e9400000, 0x00000000e9500000|  0%| F|  |TAMS 0x00000000e9400000, 0x00000000e9400000| Untracked 
| 149|0x00000000e9500000, 0x00000000e9500000, 0x00000000e9600000|  0%| F|  |TAMS 0x00000000e9500000, 0x00000000e9500000| Untracked 
| 150|0x00000000e9600000, 0x00000000e9600000, 0x00000000e9700000|  0%| F|  |TAMS 0x00000000e9600000, 0x00000000e9600000| Untracked 
| 151|0x00000000e9700000, 0x00000000e9700000, 0x00000000e9800000|  0%| F|  |TAMS 0x00000000e9700000, 0x00000000e9700000| Untracked 
| 152|0x00000000e9800000, 0x00000000e9800000, 0x00000000e9900000|  0%| F|  |TAMS 0x00000000e9800000, 0x00000000e9800000| Untracked 
| 153|0x00000000e9900000, 0x00000000e9900000, 0x00000000e9a00000|  0%| F|  |TAMS 0x00000000e9900000, 0x00000000e9900000| Untracked 
| 154|0x00000000e9a00000, 0x00000000e9a00000, 0x00000000e9b00000|  0%| F|  |TAMS 0x00000000e9a00000, 0x00000000e9a00000| Untracked 
| 155|0x00000000e9b00000, 0x00000000e9b00000, 0x00000000e9c00000|  0%| F|  |TAMS 0x00000000e9b00000, 0x00000000e9b00000| Untracked 
| 156|0x00000000e9c00000, 0x00000000e9c00000, 0x00000000e9d00000|  0%| F|  |TAMS 0x00000000e9c00000, 0x00000000e9c00000| Untracked 
| 157|0x00000000e9d00000, 0x00000000e9d00000, 0x00000000e9e00000|  0%| F|  |TAMS 0x00000000e9d00000, 0x00000000e9d00000| Untracked 
| 158|0x00000000e9e00000, 0x00000000e9e00000, 0x00000000e9f00000|  0%| F|  |TAMS 0x00000000e9e00000, 0x00000000e9e00000| Untracked 
| 159|0x00000000e9f00000, 0x00000000e9f00000, 0x00000000ea000000|  0%| F|  |TAMS 0x00000000e9f00000, 0x00000000e9f00000| Untracked 
| 160|0x00000000ea000000, 0x00000000ea000000, 0x00000000ea100000|  0%| F|  |TAMS 0x00000000ea000000, 0x00000000ea000000| Untracked 
| 161|0x00000000ea100000, 0x00000000ea100000, 0x00000000ea200000|  0%| F|  |TAMS 0x00000000ea100000, 0x00000000ea100000| Untracked 
| 162|0x00000000ea200000, 0x00000000ea200000, 0x00000000ea300000|  0%| F|  |TAMS 0x00000000ea200000, 0x00000000ea200000| Untracked 
| 163|0x00000000ea300000, 0x00000000ea300000, 0x00000000ea400000|  0%| F|  |TAMS 0x00000000ea300000, 0x00000000ea300000| Untracked 
| 164|0x00000000ea400000, 0x00000000ea400000, 0x00000000ea500000|  0%| F|  |TAMS 0x00000000ea400000, 0x00000000ea400000| Untracked 
| 165|0x00000000ea500000, 0x00000000ea500000, 0x00000000ea600000|  0%| F|  |TAMS 0x00000000ea500000, 0x00000000ea500000| Untracked 
| 166|0x00000000ea600000, 0x00000000ea600000, 0x00000000ea700000|  0%| F|  |TAMS 0x00000000ea600000, 0x00000000ea600000| Untracked 
| 167|0x00000000ea700000, 0x00000000ea700000, 0x00000000ea800000|  0%| F|  |TAMS 0x00000000ea700000, 0x00000000ea700000| Untracked 
| 168|0x00000000ea800000, 0x00000000ea800000, 0x00000000ea900000|  0%| F|  |TAMS 0x00000000ea800000, 0x00000000ea800000| Untracked 
| 169|0x00000000ea900000, 0x00000000ea900000, 0x00000000eaa00000|  0%| F|  |TAMS 0x00000000ea900000, 0x00000000ea900000| Untracked 
| 170|0x00000000eaa00000, 0x00000000eaa00000, 0x00000000eab00000|  0%| F|  |TAMS 0x00000000eaa00000, 0x00000000eaa00000| Untracked 
| 171|0x00000000eab00000, 0x00000000eab00000, 0x00000000eac00000|  0%| F|  |TAMS 0x00000000eab00000, 0x00000000eab00000| Untracked 
| 172|0x00000000eac00000, 0x00000000eac00000, 0x00000000ead00000|  0%| F|  |TAMS 0x00000000eac00000, 0x00000000eac00000| Untracked 
| 173|0x00000000ead00000, 0x00000000ead00000, 0x00000000eae00000|  0%| F|  |TAMS 0x00000000ead00000, 0x00000000ead00000| Untracked 
| 174|0x00000000eae00000, 0x00000000eae00000, 0x00000000eaf00000|  0%| F|  |TAMS 0x00000000eae00000, 0x00000000eae00000| Untracked 
| 175|0x00000000eaf00000, 0x00000000eaf00000, 0x00000000eb000000|  0%| F|  |TAMS 0x00000000eaf00000, 0x00000000eaf00000| Untracked 
| 176|0x00000000eb000000, 0x00000000eb000000, 0x00000000eb100000|  0%| F|  |TAMS 0x00000000eb000000, 0x00000000eb000000| Untracked 
| 177|0x00000000eb100000, 0x00000000eb100000, 0x00000000eb200000|  0%| F|  |TAMS 0x00000000eb100000, 0x00000000eb100000| Untracked 
| 178|0x00000000eb200000, 0x00000000eb200000, 0x00000000eb300000|  0%| F|  |TAMS 0x00000000eb200000, 0x00000000eb200000| Untracked 
| 179|0x00000000eb300000, 0x00000000eb300000, 0x00000000eb400000|  0%| F|  |TAMS 0x00000000eb300000, 0x00000000eb300000| Untracked 
| 180|0x00000000eb400000, 0x00000000eb400000, 0x00000000eb500000|  0%| F|  |TAMS 0x00000000eb400000, 0x00000000eb400000| Untracked 
| 181|0x00000000eb500000, 0x00000000eb500000, 0x00000000eb600000|  0%| F|  |TAMS 0x00000000eb500000, 0x00000000eb500000| Untracked 
| 182|0x00000000eb600000, 0x00000000eb600000, 0x00000000eb700000|  0%| F|  |TAMS 0x00000000eb600000, 0x00000000eb600000| Untracked 
| 183|0x00000000eb700000, 0x00000000eb700000, 0x00000000eb800000|  0%| F|  |TAMS 0x00000000eb700000, 0x00000000eb700000| Untracked 
| 184|0x00000000eb800000, 0x00000000eb800000, 0x00000000eb900000|  0%| F|  |TAMS 0x00000000eb800000, 0x00000000eb800000| Untracked 
| 185|0x00000000eb900000, 0x00000000eb900000, 0x00000000eba00000|  0%| F|  |TAMS 0x00000000eb900000, 0x00000000eb900000| Untracked 
| 186|0x00000000eba00000, 0x00000000eba00000, 0x00000000ebb00000|  0%| F|  |TAMS 0x00000000eba00000, 0x00000000eba00000| Untracked 
| 187|0x00000000ebb00000, 0x00000000ebb00000, 0x00000000ebc00000|  0%| F|  |TAMS 0x00000000ebb00000, 0x00000000ebb00000| Untracked 
| 188|0x00000000ebc00000, 0x00000000ebc00000, 0x00000000ebd00000|  0%| F|  |TAMS 0x00000000ebc00000, 0x00000000ebc00000| Untracked 
| 189|0x00000000ebd00000, 0x00000000ebd00000, 0x00000000ebe00000|  0%| F|  |TAMS 0x00000000ebd00000, 0x00000000ebd00000| Untracked 
| 190|0x00000000ebe00000, 0x00000000ebe00000, 0x00000000ebf00000|  0%| F|  |TAMS 0x00000000ebe00000, 0x00000000ebe00000| Untracked 
| 191|0x00000000ebf00000, 0x00000000ebf00000, 0x00000000ec000000|  0%| F|  |TAMS 0x00000000ebf00000, 0x00000000ebf00000| Untracked 
| 192|0x00000000ec000000, 0x00000000ec000000, 0x00000000ec100000|  0%| F|  |TAMS 0x00000000ec000000, 0x00000000ec000000| Untracked 
| 193|0x00000000ec100000, 0x00000000ec100000, 0x00000000ec200000|  0%| F|  |TAMS 0x00000000ec100000, 0x00000000ec100000| Untracked 
| 194|0x00000000ec200000, 0x00000000ec200000, 0x00000000ec300000|  0%| F|  |TAMS 0x00000000ec200000, 0x00000000ec200000| Untracked 
| 195|0x00000000ec300000, 0x00000000ec300000, 0x00000000ec400000|  0%| F|  |TAMS 0x00000000ec300000, 0x00000000ec300000| Untracked 
| 196|0x00000000ec400000, 0x00000000ec400000, 0x00000000ec500000|  0%| F|  |TAMS 0x00000000ec400000, 0x00000000ec400000| Untracked 
| 197|0x00000000ec500000, 0x00000000ec500000, 0x00000000ec600000|  0%| F|  |TAMS 0x00000000ec500000, 0x00000000ec500000| Untracked 
| 198|0x00000000ec600000, 0x00000000ec600000, 0x00000000ec700000|  0%| F|  |TAMS 0x00000000ec600000, 0x00000000ec600000| Untracked 
| 199|0x00000000ec700000, 0x00000000ec700000, 0x00000000ec800000|  0%| F|  |TAMS 0x00000000ec700000, 0x00000000ec700000| Untracked 
| 200|0x00000000ec800000, 0x00000000ec800000, 0x00000000ec900000|  0%| F|  |TAMS 0x00000000ec800000, 0x00000000ec800000| Untracked 
| 201|0x00000000ec900000, 0x00000000ec900000, 0x00000000eca00000|  0%| F|  |TAMS 0x00000000ec900000, 0x00000000ec900000| Untracked 
| 202|0x00000000eca00000, 0x00000000eca00000, 0x00000000ecb00000|  0%| F|  |TAMS 0x00000000eca00000, 0x00000000eca00000| Untracked 
| 203|0x00000000ecb00000, 0x00000000ecb00000, 0x00000000ecc00000|  0%| F|  |TAMS 0x00000000ecb00000, 0x00000000ecb00000| Untracked 
| 204|0x00000000ecc00000, 0x00000000ecc00000, 0x00000000ecd00000|  0%| F|  |TAMS 0x00000000ecc00000, 0x00000000ecc00000| Untracked 
| 205|0x00000000ecd00000, 0x00000000ecd00000, 0x00000000ece00000|  0%| F|  |TAMS 0x00000000ecd00000, 0x00000000ecd00000| Untracked 
| 206|0x00000000ece00000, 0x00000000ece00000, 0x00000000ecf00000|  0%| F|  |TAMS 0x00000000ece00000, 0x00000000ece00000| Untracked 
| 207|0x00000000ecf00000, 0x00000000ecf00000, 0x00000000ed000000|  0%| F|  |TAMS 0x00000000ecf00000, 0x00000000ecf00000| Untracked 
| 208|0x00000000ed000000, 0x00000000ed000000, 0x00000000ed100000|  0%| F|  |TAMS 0x00000000ed000000, 0x00000000ed000000| Untracked 
| 209|0x00000000ed100000, 0x00000000ed100000, 0x00000000ed200000|  0%| F|  |TAMS 0x00000000ed100000, 0x00000000ed100000| Untracked 
| 210|0x00000000ed200000, 0x00000000ed200000, 0x00000000ed300000|  0%| F|  |TAMS 0x00000000ed200000, 0x00000000ed200000| Untracked 
| 211|0x00000000ed300000, 0x00000000ed300000, 0x00000000ed400000|  0%| F|  |TAMS 0x00000000ed300000, 0x00000000ed300000| Untracked 
| 212|0x00000000ed400000, 0x00000000ed400000, 0x00000000ed500000|  0%| F|  |TAMS 0x00000000ed400000, 0x00000000ed400000| Untracked 
| 213|0x00000000ed500000, 0x00000000ed500000, 0x00000000ed600000|  0%| F|  |TAMS 0x00000000ed500000, 0x00000000ed500000| Untracked 
| 214|0x00000000ed600000, 0x00000000ed600000, 0x00000000ed700000|  0%| F|  |TAMS 0x00000000ed600000, 0x00000000ed600000| Untracked 
| 215|0x00000000ed700000, 0x00000000ed700000, 0x00000000ed800000|  0%| F|  |TAMS 0x00000000ed700000, 0x00000000ed700000| Untracked 
| 216|0x00000000ed800000, 0x00000000ed800000, 0x00000000ed900000|  0%| F|  |TAMS 0x00000000ed800000, 0x00000000ed800000| Untracked 
| 217|0x00000000ed900000, 0x00000000ed900000, 0x00000000eda00000|  0%| F|  |TAMS 0x00000000ed900000, 0x00000000ed900000| Untracked 
| 218|0x00000000eda00000, 0x00000000eda00000, 0x00000000edb00000|  0%| F|  |TAMS 0x00000000eda00000, 0x00000000eda00000| Untracked 
| 219|0x00000000edb00000, 0x00000000edb00000, 0x00000000edc00000|  0%| F|  |TAMS 0x00000000edb00000, 0x00000000edb00000| Untracked 
| 220|0x00000000edc00000, 0x00000000edc00000, 0x00000000edd00000|  0%| F|  |TAMS 0x00000000edc00000, 0x00000000edc00000| Untracked 
| 221|0x00000000edd00000, 0x00000000edd00000, 0x00000000ede00000|  0%| F|  |TAMS 0x00000000edd00000, 0x00000000edd00000| Untracked 
| 222|0x00000000ede00000, 0x00000000ede00000, 0x00000000edf00000|  0%| F|  |TAMS 0x00000000ede00000, 0x00000000ede00000| Untracked 
| 223|0x00000000edf00000, 0x00000000edf00000, 0x00000000ee000000|  0%| F|  |TAMS 0x00000000edf00000, 0x00000000edf00000| Untracked 
| 224|0x00000000ee000000, 0x00000000ee000000, 0x00000000ee100000|  0%| F|  |TAMS 0x00000000ee000000, 0x00000000ee000000| Untracked 
| 225|0x00000000ee100000, 0x00000000ee18ac20, 0x00000000ee200000| 54%| E|  |TAMS 0x00000000ee100000, 0x00000000ee100000| Complete 
| 226|0x00000000ee200000, 0x00000000ee300000, 0x00000000ee300000|100%| E|CS|TAMS 0x00000000ee200000, 0x00000000ee200000| Complete 
| 227|0x00000000ee300000, 0x00000000ee400000, 0x00000000ee400000|100%| E|CS|TAMS 0x00000000ee300000, 0x00000000ee300000| Complete 
| 228|0x00000000ee400000, 0x00000000ee500000, 0x00000000ee500000|100%| E|CS|TAMS 0x00000000ee400000, 0x00000000ee400000| Complete 
| 229|0x00000000ee500000, 0x00000000ee600000, 0x00000000ee600000|100%| E|CS|TAMS 0x00000000ee500000, 0x00000000ee500000| Complete 
| 230|0x00000000ee600000, 0x00000000ee700000, 0x00000000ee700000|100%| E|CS|TAMS 0x00000000ee600000, 0x00000000ee600000| Complete 
| 231|0x00000000ee700000, 0x00000000ee800000, 0x00000000ee800000|100%| E|CS|TAMS 0x00000000ee700000, 0x00000000ee700000| Complete 
| 232|0x00000000ee800000, 0x00000000ee900000, 0x00000000ee900000|100%| E|CS|TAMS 0x00000000ee800000, 0x00000000ee800000| Complete 
| 233|0x00000000ee900000, 0x00000000eea00000, 0x00000000eea00000|100%| E|CS|TAMS 0x00000000ee900000, 0x00000000ee900000| Complete 
| 234|0x00000000eea00000, 0x00000000eeb00000, 0x00000000eeb00000|100%| E|CS|TAMS 0x00000000eea00000, 0x00000000eea00000| Complete 
| 235|0x00000000eeb00000, 0x00000000eec00000, 0x00000000eec00000|100%| E|CS|TAMS 0x00000000eeb00000, 0x00000000eeb00000| Complete 
| 236|0x00000000eec00000, 0x00000000eed00000, 0x00000000eed00000|100%| E|CS|TAMS 0x00000000eec00000, 0x00000000eec00000| Complete 
| 237|0x00000000eed00000, 0x00000000eee00000, 0x00000000eee00000|100%| E|CS|TAMS 0x00000000eed00000, 0x00000000eed00000| Complete 
| 238|0x00000000eee00000, 0x00000000eef00000, 0x00000000eef00000|100%| E|CS|TAMS 0x00000000eee00000, 0x00000000eee00000| Complete 
| 239|0x00000000eef00000, 0x00000000ef000000, 0x00000000ef000000|100%| E|CS|TAMS 0x00000000eef00000, 0x00000000eef00000| Complete 
| 240|0x00000000ef000000, 0x00000000ef100000, 0x00000000ef100000|100%| E|CS|TAMS 0x00000000ef000000, 0x00000000ef000000| Complete 
| 241|0x00000000ef100000, 0x00000000ef200000, 0x00000000ef200000|100%| E|CS|TAMS 0x00000000ef100000, 0x00000000ef100000| Complete 
| 242|0x00000000ef200000, 0x00000000ef300000, 0x00000000ef300000|100%| E|CS|TAMS 0x00000000ef200000, 0x00000000ef200000| Complete 
| 243|0x00000000ef300000, 0x00000000ef400000, 0x00000000ef400000|100%| E|CS|TAMS 0x00000000ef300000, 0x00000000ef300000| Complete 
| 244|0x00000000ef400000, 0x00000000ef500000, 0x00000000ef500000|100%| E|CS|TAMS 0x00000000ef400000, 0x00000000ef400000| Complete 
| 245|0x00000000ef500000, 0x00000000ef600000, 0x00000000ef600000|100%| E|CS|TAMS 0x00000000ef500000, 0x00000000ef500000| Complete 
| 246|0x00000000ef600000, 0x00000000ef700000, 0x00000000ef700000|100%| E|CS|TAMS 0x00000000ef600000, 0x00000000ef600000| Complete 
| 247|0x00000000ef700000, 0x00000000ef800000, 0x00000000ef800000|100%| E|CS|TAMS 0x00000000ef700000, 0x00000000ef700000| Complete 
| 248|0x00000000ef800000, 0x00000000ef900000, 0x00000000ef900000|100%| E|CS|TAMS 0x00000000ef800000, 0x00000000ef800000| Complete 
| 249|0x00000000ef900000, 0x00000000efa00000, 0x00000000efa00000|100%| E|CS|TAMS 0x00000000ef900000, 0x00000000ef900000| Complete 
| 250|0x00000000efa00000, 0x00000000efb00000, 0x00000000efb00000|100%| E|CS|TAMS 0x00000000efa00000, 0x00000000efa00000| Complete 
| 251|0x00000000efb00000, 0x00000000efc00000, 0x00000000efc00000|100%| E|CS|TAMS 0x00000000efb00000, 0x00000000efb00000| Complete 
| 252|0x00000000efc00000, 0x00000000efd00000, 0x00000000efd00000|100%| E|CS|TAMS 0x00000000efc00000, 0x00000000efc00000| Complete 
| 253|0x00000000efd00000, 0x00000000efe00000, 0x00000000efe00000|100%| E|CS|TAMS 0x00000000efd00000, 0x00000000efd00000| Complete 
| 254|0x00000000efe00000, 0x00000000eff00000, 0x00000000eff00000|100%| E|CS|TAMS 0x00000000efe00000, 0x00000000efe00000| Complete 
| 255|0x00000000eff00000, 0x00000000f0000000, 0x00000000f0000000|100%| E|CS|TAMS 0x00000000eff00000, 0x00000000eff00000| Complete 

Card table byte_map: [0x000001aa672a0000,0x000001aa673a0000] _byte_map_base: 0x000001aa66ba0000

Marking Bits (Prev, Next): (CMBitMap*) 0x000001aa505e99b0, (CMBitMap*) 0x000001aa505e99f0
 Prev Bits: [0x000001aa674a0000, 0x000001aa67ca0000)
 Next Bits: [0x000001aa67ca0000, 0x000001aa684a0000)

Polling page: 0x000001aa4fd90000

Metaspace:

Usage:
  Non-class:     41.91 MB used.
      Class:      7.01 MB used.
       Both:     48.93 MB used.

Virtual space:
  Non-class space:       64.00 MB reserved,      42.19 MB ( 66%) committed,  1 nodes.
      Class space:      320.00 MB reserved,       7.25 MB (  2%) committed,  1 nodes.
             Both:      384.00 MB reserved,      49.44 MB ( 13%) committed. 

Chunk freelists:
   Non-Class:  5.17 MB
       Class:  8.70 MB
        Both:  13.87 MB

MaxMetaspaceSize: 384.00 MB
CompressedClassSpaceSize: 320.00 MB
Initial GC threshold: 21.00 MB
Current GC threshold: 58.88 MB
CDS: on
MetaspaceReclaimPolicy: balanced
 - commit_granule_bytes: 65536.
 - commit_granule_words: 8192.
 - virtual_space_node_default_size: 8388608.
 - enlarge_chunks_in_place: 1.
 - new_chunks_are_fully_committed: 0.
 - uncommit_free_chunks: 1.
 - use_allocation_guard: 0.
 - handle_deallocations: 1.


Internal statistics:

num_allocs_failed_limit: 6.
num_arena_births: 584.
num_arena_deaths: 0.
num_vsnodes_births: 2.
num_vsnodes_deaths: 0.
num_space_committed: 791.
num_space_uncommitted: 0.
num_chunks_returned_to_freelist: 6.
num_chunks_taken_from_freelist: 2635.
num_chunk_merges: 6.
num_chunk_splits: 1705.
num_chunks_enlarged: 1129.
num_inconsistent_stats: 0.

CodeHeap 'non-profiled nmethods': size=120000Kb used=3200Kb max_used=3200Kb free=116799Kb
 bounds [0x000001aa5f940000, 0x000001aa5fc70000, 0x000001aa66e70000]
CodeHeap 'profiled nmethods': size=120000Kb used=10963Kb max_used=10963Kb free=109036Kb
 bounds [0x000001aa57e70000, 0x000001aa58930000, 0x000001aa5f3a0000]
CodeHeap 'non-nmethods': size=5760Kb used=2320Kb max_used=2403Kb free=3439Kb
 bounds [0x000001aa5f3a0000, 0x000001aa5f610000, 0x000001aa5f940000]
 total_blobs=6488 nmethods=5651 adapters=749
 compilation: enabled
              stopped_count=0, restarted_count=0
 full_count=0

Compilation events (20 events):
Event: 22.525 Thread 0x000001aa6aeda770 6443       3       java.lang.ProcessEnvironment$CheckedEntrySet$1::hasNext (10 bytes)
Event: 22.525 Thread 0x000001aa6aeda770 nmethod 6443 0x000001aa58920f90 code [0x000001aa58921140, 0x000001aa58921308]
Event: 22.525 Thread 0x000001aa6aeda770 6444       3       java.lang.ProcessEnvironment$CheckedEntrySet$1::next (5 bytes)
Event: 22.525 Thread 0x000001aa6aeda770 nmethod 6444 0x000001aa58921410 code [0x000001aa589215e0, 0x000001aa58921ac8]
Event: 22.533 Thread 0x000001aa6aeda770 6445       3       java.lang.ProcessEnvironment$CheckedEntry::getValue (5 bytes)
Event: 22.534 Thread 0x000001aa6aeda770 nmethod 6445 0x000001aa58921c90 code [0x000001aa58921e40, 0x000001aa58922188]
Event: 22.534 Thread 0x000001aa6aeda770 6446       3       java.lang.ProcessEnvironment$CheckedEntry::getValue (13 bytes)
Event: 22.534 Thread 0x000001aa6aeda770 nmethod 6446 0x000001aa58922290 code [0x000001aa58922440, 0x000001aa58922708]
Event: 22.535 Thread 0x000001aa6aeda770 6447       3       java.lang.ProcessEnvironment$CheckedEntry::getKey (5 bytes)
Event: 22.535 Thread 0x000001aa6aeda770 nmethod 6447 0x000001aa58922810 code [0x000001aa589229c0, 0x000001aa58922ce8]
Event: 22.535 Thread 0x000001aa6aeda770 6448       3       java.lang.ProcessEnvironment$CheckedEntry::getKey (13 bytes)
Event: 22.536 Thread 0x000001aa6aeda770 nmethod 6448 0x000001aa58922e10 code [0x000001aa58922fc0, 0x000001aa58923288]
Event: 22.536 Thread 0x000001aa6aeda770 6449       3       java.lang.ProcessEnvironment$EntryComparator::compare (13 bytes)
Event: 22.536 Thread 0x000001aa6aeda770 nmethod 6449 0x000001aa58923390 code [0x000001aa58923580, 0x000001aa58923ce8]
Event: 22.546 Thread 0x000001aa6aeda770 6451       3       java.lang.invoke.InvokerBytecodeGenerator::resolveFrom (81 bytes)
Event: 22.546 Thread 0x000001aa6aeda770 nmethod 6451 0x000001aa58923e90 code [0x000001aa58924060, 0x000001aa58924328]
Event: 22.547 Thread 0x000001aa6aeda770 6452       3       java.lang.invoke.MethodHandleStatics::traceLambdaForm (96 bytes)
Event: 22.547 Thread 0x000001aa6aeda770 nmethod 6452 0x000001aa58924490 code [0x000001aa58924620, 0x000001aa58924778]
Event: 22.553 Thread 0x000001aa6aeda770 6454       3       java.util.concurrent.ThreadPoolExecutor::runStateAtLeast (11 bytes)
Event: 22.553 Thread 0x000001aa6aeda770 nmethod 6454 0x000001aa58924810 code [0x000001aa589249a0, 0x000001aa58924af8]

GC Heap History (12 events):
Event: 2.387 GC heap before
{Heap before GC invocations=0 (full 0):
 garbage-first heap   total 262144K, used 26624K [0x00000000e0000000, 0x0000000100000000)
  region size 1024K, 23 young (23552K), 0 survivors (0K)
 Metaspace       used 2108K, committed 2240K, reserved 393216K
  class space    used 227K, committed 320K, reserved 327680K
}
Event: 2.403 GC heap after
{Heap after GC invocations=1 (full 0):
 garbage-first heap   total 262144K, used 10924K [0x00000000e0000000, 0x0000000100000000)
  region size 1024K, 3 young (3072K), 3 survivors (3072K)
 Metaspace       used 2108K, committed 2240K, reserved 393216K
  class space    used 227K, committed 320K, reserved 327680K
}
Event: 3.997 GC heap before
{Heap before GC invocations=1 (full 0):
 garbage-first heap   total 262144K, used 37548K [0x00000000e0000000, 0x0000000100000000)
  region size 1024K, 29 young (29696K), 3 survivors (3072K)
 Metaspace       used 4055K, committed 4224K, reserved 393216K
  class space    used 502K, committed 640K, reserved 327680K
}
Event: 4.001 GC heap after
{Heap after GC invocations=2 (full 0):
 garbage-first heap   total 262144K, used 12118K [0x00000000e0000000, 0x0000000100000000)
  region size 1024K, 2 young (2048K), 2 survivors (2048K)
 Metaspace       used 4055K, committed 4224K, reserved 393216K
  class space    used 502K, committed 640K, reserved 327680K
}
Event: 11.818 GC heap before
{Heap before GC invocations=2 (full 0):
 garbage-first heap   total 262144K, used 120662K [0x00000000e0000000, 0x0000000100000000)
  region size 1024K, 106 young (108544K), 2 survivors (2048K)
 Metaspace       used 18130K, committed 18432K, reserved 393216K
  class space    used 2609K, committed 2752K, reserved 327680K
}
Event: 11.869 GC heap after
{Heap after GC invocations=3 (full 0):
 garbage-first heap   total 262144K, used 22469K [0x00000000e0000000, 0x0000000100000000)
  region size 1024K, 11 young (11264K), 11 survivors (11264K)
 Metaspace       used 18130K, committed 18432K, reserved 393216K
  class space    used 2609K, committed 2752K, reserved 327680K
}
Event: 13.096 GC heap before
{Heap before GC invocations=3 (full 0):
 garbage-first heap   total 262144K, used 47045K [0x00000000e0000000, 0x0000000100000000)
  region size 1024K, 36 young (36864K), 11 survivors (11264K)
 Metaspace       used 21263K, committed 21504K, reserved 393216K
  class space    used 3133K, committed 3264K, reserved 327680K
}
Event: 13.102 GC heap after
{Heap after GC invocations=4 (full 0):
 garbage-first heap   total 262144K, used 24446K [0x00000000e0000000, 0x0000000100000000)
  region size 1024K, 12 young (12288K), 12 survivors (12288K)
 Metaspace       used 21263K, committed 21504K, reserved 393216K
  class space    used 3133K, committed 3264K, reserved 327680K
}
Event: 17.987 GC heap before
{Heap before GC invocations=5 (full 0):
 garbage-first heap   total 262144K, used 147326K [0x00000000e0000000, 0x0000000100000000)
  region size 1024K, 129 young (132096K), 12 survivors (12288K)
 Metaspace       used 35666K, committed 36096K, reserved 393216K
  class space    used 4958K, committed 5184K, reserved 327680K
}
Event: 18.004 GC heap after
{Heap after GC invocations=6 (full 0):
 garbage-first heap   total 262144K, used 33467K [0x00000000e0000000, 0x0000000100000000)
  region size 1024K, 11 young (11264K), 11 survivors (11264K)
 Metaspace       used 35666K, committed 36096K, reserved 393216K
  class space    used 4958K, committed 5184K, reserved 327680K
}
Event: 22.035 GC heap before
{Heap before GC invocations=7 (full 0):
 garbage-first heap   total 262144K, used 179899K [0x00000000e0000000, 0x0000000100000000)
  region size 1024K, 153 young (156672K), 11 survivors (11264K)
 Metaspace       used 48749K, committed 49344K, reserved 393216K
  class space    used 6947K, committed 7232K, reserved 327680K
}
Event: 22.050 GC heap after
{Heap after GC invocations=8 (full 0):
 garbage-first heap   total 262144K, used 40757K [0x00000000e0000000, 0x0000000100000000)
  region size 1024K, 18 young (18432K), 18 survivors (18432K)
 Metaspace       used 48749K, committed 49344K, reserved 393216K
  class space    used 6947K, committed 7232K, reserved 327680K
}

Deoptimization events (20 events):
Event: 22.484 Thread 0x000001aa1a19ea00 Uncommon trap: trap_request=0xffffff45 fr.pc=0x000001aa5fbedf18 relative=0x0000000000000178
Event: 22.484 Thread 0x000001aa1a19ea00 Uncommon trap: reason=unstable_if action=reinterpret pc=0x000001aa5fbedf18 method=java.util.stream.AbstractPipeline.evaluate(Ljava/util/stream/TerminalOp;)Ljava/lang/Object; @ 53 c2
Event: 22.484 Thread 0x000001aa1a19ea00 DEOPT PACKING pc=0x000001aa5fbedf18 sp=0x0000003d514f80d0
Event: 22.484 Thread 0x000001aa1a19ea00 DEOPT UNPACKING pc=0x000001aa5f3f23a3 sp=0x0000003d514f8090 mode 2
Event: 22.484 Thread 0x000001aa1a19ea00 Uncommon trap: trap_request=0xffffff45 fr.pc=0x000001aa5fac6d0c relative=0x000000000000010c
Event: 22.484 Thread 0x000001aa1a19ea00 Uncommon trap: reason=unstable_if action=reinterpret pc=0x000001aa5fac6d0c method=java.util.stream.AbstractPipeline.sourceSpliterator(I)Ljava/util/Spliterator; @ 82 c2
Event: 22.484 Thread 0x000001aa1a19ea00 DEOPT PACKING pc=0x000001aa5fac6d0c sp=0x0000003d514f8050
Event: 22.485 Thread 0x000001aa1a19ea00 DEOPT UNPACKING pc=0x000001aa5f3f23a3 sp=0x0000003d514f7fe0 mode 2
Event: 22.489 Thread 0x000001aa1b397f90 Uncommon trap: trap_request=0xffffff45 fr.pc=0x000001aa5fbfca94 relative=0x00000000000000f4
Event: 22.489 Thread 0x000001aa1b397f90 Uncommon trap: reason=unstable_if action=reinterpret pc=0x000001aa5fbfca94 method=java.lang.ThreadLocal.get()Ljava/lang/Object; @ 11 c2
Event: 22.489 Thread 0x000001aa1b397f90 DEOPT PACKING pc=0x000001aa5fbfca94 sp=0x0000003d549fe7c0
Event: 22.489 Thread 0x000001aa1b397f90 DEOPT UNPACKING pc=0x000001aa5f3f23a3 sp=0x0000003d549fe750 mode 2
Event: 22.499 Thread 0x000001aa1b39ad20 Uncommon trap: trap_request=0xffffff45 fr.pc=0x000001aa5fb73280 relative=0x0000000000000080
Event: 22.499 Thread 0x000001aa1b39ad20 Uncommon trap: reason=unstable_if action=reinterpret pc=0x000001aa5fb73280 method=java.util.HashMap$HashMapSpliterator.getFence()I @ 37 c2
Event: 22.499 Thread 0x000001aa1b39ad20 DEOPT PACKING pc=0x000001aa5fb73280 sp=0x0000003d546fecb0
Event: 22.499 Thread 0x000001aa1b39ad20 DEOPT UNPACKING pc=0x000001aa5f3f23a3 sp=0x0000003d546fec28 mode 2
Event: 22.556 Thread 0x000001aa1d110380 Uncommon trap: trap_request=0xffffffde fr.pc=0x000001aa5fb03328 relative=0x0000000000000908
Event: 22.556 Thread 0x000001aa1d110380 Uncommon trap: reason=class_check action=maybe_recompile pc=0x000001aa5fb03328 method=java.io.BufferedInputStream.read1([BII)I @ 39 c2
Event: 22.556 Thread 0x000001aa1d110380 DEOPT PACKING pc=0x000001aa5fb03328 sp=0x0000003d54ffef50
Event: 22.556 Thread 0x000001aa1d110380 DEOPT UNPACKING pc=0x000001aa5f3f23a3 sp=0x0000003d54ffee68 mode 2

Classes unloaded (0 events):
No events

Classes redefined (0 events):
No events

Internal exceptions (20 events):
Event: 22.139 Thread 0x000001aa1a19ea00 Exception <a 'java/lang/ClassNotFoundException'{0x00000000ef477790}: org/gradle/api/internal/artifacts/dsl/DefaultRepositoryHandler_DecoratedCustomizer> (0x00000000ef477790) 
thrown [s\open\src\hotspot\share\classfile\systemDictionary.cpp, line 256]
Event: 22.146 Thread 0x000001aa1a19ea00 Exception <a 'java/lang/ClassNotFoundException'{0x00000000ef314520}: org/gradle/api/internal/artifacts/dsl/dependencies/DefaultDependencyHandler_DecoratedBeanInfo> (0x00000000ef314520) 
thrown [s\open\src\hotspot\share\classfile\systemDictionary.cpp, line 256]
Event: 22.147 Thread 0x000001aa1a19ea00 Exception <a 'java/lang/ClassNotFoundException'{0x00000000ef32bc38}: org/gradle/api/internal/artifacts/dsl/dependencies/DefaultDependencyHandlerBeanInfo> (0x00000000ef32bc38) 
thrown [s\open\src\hotspot\share\classfile\systemDictionary.cpp, line 256]
Event: 22.148 Thread 0x000001aa1a19ea00 Exception <a 'java/lang/ClassNotFoundException'{0x00000000ef343308}: org/gradle/api/internal/artifacts/dsl/dependencies/DefaultDependencyHandlerCustomizer> (0x00000000ef343308) 
thrown [s\open\src\hotspot\share\classfile\systemDictionary.cpp, line 256]
Event: 22.152 Thread 0x000001aa1a19ea00 Exception <a 'java/lang/ClassNotFoundException'{0x00000000ef383320}: org/gradle/api/internal/artifacts/dsl/dependencies/DefaultDependencyHandler_DecoratedCustomizer> (0x00000000ef383320) 
thrown [s\open\src\hotspot\share\classfile\systemDictionary.cpp, line 256]
Event: 22.167 Thread 0x000001aa1a19ea00 Exception <a 'java/lang/ClassNotFoundException'{0x00000000eef08be8}: org/gradle/api/internal/tasks/DefaultTaskContainer_DecoratedBeanInfo> (0x00000000eef08be8) 
thrown [s\open\src\hotspot\share\classfile\systemDictionary.cpp, line 256]
Event: 22.168 Thread 0x000001aa1a19ea00 Exception <a 'java/lang/ClassNotFoundException'{0x00000000eef1ab50}: org/gradle/api/internal/tasks/DefaultTaskContainerBeanInfo> (0x00000000eef1ab50) 
thrown [s\open\src\hotspot\share\classfile\systemDictionary.cpp, line 256]
Event: 22.169 Thread 0x000001aa1a19ea00 Exception <a 'java/lang/ClassNotFoundException'{0x00000000eef2cad8}: org/gradle/api/internal/tasks/DefaultTaskCollectionBeanInfo> (0x00000000eef2cad8) 
thrown [s\open\src\hotspot\share\classfile\systemDictionary.cpp, line 256]
Event: 22.169 Thread 0x000001aa1a19ea00 Exception <a 'java/lang/ClassNotFoundException'{0x00000000eef3ece0}: org/gradle/api/internal/tasks/DefaultTaskCollectionCustomizer> (0x00000000eef3ece0) 
thrown [s\open\src\hotspot\share\classfile\systemDictionary.cpp, line 256]
Event: 22.172 Thread 0x000001aa1a19ea00 Exception <a 'java/lang/ClassNotFoundException'{0x00000000eef84d98}: org/gradle/api/internal/tasks/DefaultTaskContainerCustomizer> (0x00000000eef84d98) 
thrown [s\open\src\hotspot\share\classfile\systemDictionary.cpp, line 256]
Event: 22.175 Thread 0x000001aa1a19ea00 Exception <a 'java/lang/ClassNotFoundException'{0x00000000eefe9bf0}: org/gradle/api/internal/tasks/DefaultTaskContainer_DecoratedCustomizer> (0x00000000eefe9bf0) 
thrown [s\open\src\hotspot\share\classfile\systemDictionary.cpp, line 256]
Event: 22.318 Thread 0x000001aa1a19ea00 Exception <a 'java/lang/NoSuchMethodError'{0x00000000ee9f87d0}: 'int java.lang.invoke.DirectMethodHandle$Holder.invokeSpecialIFC(java.lang.Object, java.lang.Object, java.lang.Object, java.lang.Object, java.lang.Object)'> (0x00000000ee9f87d0) 
thrown [s\open\src\hotspot\share\interpreter\linkResolver.cpp, line 759]
Event: 22.472 Thread 0x000001aa1a19ea00 Exception <a 'java/lang/NoSuchMethodError'{0x00000000ee41fb98}: 'java.lang.Object java.lang.invoke.DirectMethodHandle$Holder.newInvokeSpecial(java.lang.Object, java.lang.Object, java.lang.Object, java.lang.Object, java.lang.Object, java.lang.Object, int)'> (0x00000000ee41fb98) 
thrown [s\open\src\hotspot\share\interpreter\linkResolver.cpp, line 759]
Event: 22.473 Thread 0x000001aa1a19ea00 Exception <a 'java/lang/NoSuchMethodError'{0x00000000ee425388}: 'java.lang.Object java.lang.invoke.DirectMethodHandle$Holder.invokeSpecial(java.lang.Object, java.lang.Object, java.lang.Object, java.lang.Object, java.lang.Object, java.lang.Object, java.lang.Object, int)'> (0x00000000ee425388) 
thrown [s\open\src\hotspot\share\interpreter\linkResolver.cpp, line 759]
Event: 22.473 Thread 0x000001aa1a19ea00 Exception <a 'java/lang/NoSuchMethodError'{0x00000000ee42a760}: 'java.lang.Object java.lang.invoke.Invokers$Holder.linkToTargetMethod(java.lang.Object, java.lang.Object, java.lang.Object, java.lang.Object, java.lang.Object, int, java.lang.Object)'> (0x00000000ee42a760) 
thrown [s\open\src\hotspot\share\interpreter\linkResolver.cpp, line 759]
Event: 22.489 Thread 0x000001aa1b397f90 Implicit null exception at 0x000001aa5fbfc9e0 to 0x000001aa5fbfca80
Event: 22.499 Thread 0x000001aa1b39ad20 Implicit null exception at 0x000001aa5fb7324b to 0x000001aa5fb73270
Event: 22.546 Thread 0x000001aa1d10ea30 Exception <a 'java/lang/NoSuchMethodError'{0x00000000ee1112c0}: 'void java.lang.invoke.DirectMethodHandle$Holder.invokeStatic(java.lang.Object, long)'> (0x00000000ee1112c0) 
thrown [s\open\src\hotspot\share\interpreter\linkResolver.cpp, line 759]
Event: 22.549 Thread 0x000001aa1d10ea30 Exception <a 'java/lang/NoSuchMethodError'{0x00000000ee11c160}: 'java.lang.Object java.lang.invoke.DirectMethodHandle$Holder.invokeStatic(java.lang.Object, java.lang.Object, long, java.lang.Object)'> (0x00000000ee11c160) 
thrown [s\open\src\hotspot\share\interpreter\linkResolver.cpp, line 759]
Event: 22.550 Thread 0x000001aa1d10ea30 Exception <a 'java/lang/NoSuchMethodError'{0x00000000ee11f938}: 'java.lang.Object java.lang.invoke.DirectMethodHandle$Holder.invokeStaticInit(java.lang.Object, java.lang.Object, long, java.lang.Object)'> (0x00000000ee11f938) 
thrown [s\open\src\hotspot\share\interpreter\linkResolver.cpp, line 759]

VM Operations (20 events):
Event: 19.813 Executing VM operation: ICBufferFull
Event: 19.813 Executing VM operation: ICBufferFull done
Event: 19.987 Executing VM operation: HandshakeAllThreads
Event: 20.017 Executing VM operation: HandshakeAllThreads done
Event: 20.017 Executing VM operation: HandshakeAllThreads
Event: 20.017 Executing VM operation: HandshakeAllThreads done
Event: 20.031 Executing VM operation: HandshakeAllThreads
Event: 20.031 Executing VM operation: HandshakeAllThreads done
Event: 20.043 Executing VM operation: HandshakeAllThreads
Event: 20.043 Executing VM operation: HandshakeAllThreads done
Event: 20.074 Executing VM operation: ICBufferFull
Event: 20.074 Executing VM operation: ICBufferFull done
Event: 20.492 Executing VM operation: ICBufferFull
Event: 20.495 Executing VM operation: ICBufferFull done
Event: 21.256 Executing VM operation: ICBufferFull
Event: 21.256 Executing VM operation: ICBufferFull done
Event: 21.891 Executing VM operation: ICBufferFull
Event: 21.891 Executing VM operation: ICBufferFull done
Event: 22.035 Executing VM operation: G1CollectForAllocation
Event: 22.050 Executing VM operation: G1CollectForAllocation done

Events (20 events):
Event: 22.486 loading class java/util/stream/ReferencePipeline$15$1 done
Event: 22.488 Thread 0x000001aa1b3984a0 Thread added: 0x000001aa1b3984a0
Event: 22.488 Thread 0x000001aa1b399df0 Thread added: 0x000001aa1b399df0
Event: 22.489 Thread 0x000001aa1b397f90 Thread added: 0x000001aa1b397f90
Event: 22.489 Thread 0x000001aa1b3989b0 Thread added: 0x000001aa1b3989b0
Event: 22.489 Thread 0x000001aa1b39a300 Thread added: 0x000001aa1b39a300
Event: 22.491 Thread 0x000001aa1b39a810 Thread added: 0x000001aa1b39a810
Event: 22.532 Thread 0x000001aa1d10ea30 Thread added: 0x000001aa1d10ea30
Event: 22.534 loading class java/lang/ProcessImpl
Event: 22.535 loading class java/lang/ProcessImpl done
Event: 22.547 loading class java/lang/ProcessHandleImpl
Event: 22.548 loading class java/lang/ProcessHandleImpl done
Event: 22.551 loading class java/lang/ProcessImpl$2
Event: 22.551 loading class java/lang/ProcessImpl$2 done
Event: 22.551 loading class java/lang/Process$PipeInputStream
Event: 22.551 loading class java/lang/Process$PipeInputStream done
Event: 22.551 loading class jdk/internal/event/ProcessStartEvent
Event: 22.552 loading class jdk/internal/event/ProcessStartEvent done
Event: 22.553 Thread 0x000001aa1d10f960 Thread added: 0x000001aa1d10f960
Event: 22.553 Thread 0x000001aa1d110380 Thread added: 0x000001aa1d110380


Dynamic libraries:
0x00007ff789ae0000 - 0x00007ff789af0000 	C:\Program Files\Java\jdk-17\bin\java.exe
0x00007fff18890000 - 0x00007fff18a88000 	C:\WINDOWS\SYSTEM32\ntdll.dll
0x00007fff178b0000 - 0x00007fff17971000 	C:\WINDOWS\System32\KERNEL32.DLL
0x00007fff16360000 - 0x00007fff16656000 	C:\WINDOWS\System32\KERNELBASE.dll
0x00007fff15f40000 - 0x00007fff16040000 	C:\WINDOWS\System32\ucrtbase.dll
0x00007fff0d760000 - 0x00007fff0d779000 	C:\Program Files\Java\jdk-17\bin\jli.dll
0x00007fff17ff0000 - 0x00007fff180a0000 	C:\WINDOWS\System32\ADVAPI32.dll
0x00007fff18510000 - 0x00007fff185ae000 	C:\WINDOWS\System32\msvcrt.dll
0x00007fff187a0000 - 0x00007fff18840000 	C:\WINDOWS\System32\sechost.dll
0x00007fff17770000 - 0x00007fff17893000 	C:\WINDOWS\System32\RPCRT4.dll
0x00007fff16040000 - 0x00007fff16067000 	C:\WINDOWS\System32\bcrypt.dll
0x00007fff17c40000 - 0x00007fff17ddf000 	C:\WINDOWS\System32\USER32.dll
0x00007fff16070000 - 0x00007fff16092000 	C:\WINDOWS\System32\win32u.dll
0x00007fff02090000 - 0x00007fff0232a000 	C:\WINDOWS\WinSxS\amd64_microsoft.windows.common-controls_6595b64144ccf1df_6.0.19041.4355_none_60b8b9eb71f62e16\COMCTL32.dll
0x00007fff176e0000 - 0x00007fff1770b000 	C:\WINDOWS\System32\GDI32.dll
0x00007fff16140000 - 0x00007fff16257000 	C:\WINDOWS\System32\gdi32full.dll
0x00007fff160a0000 - 0x00007fff1613d000 	C:\WINDOWS\System32\msvcp_win.dll
0x00007fff0eaf0000 - 0x00007fff0eafa000 	C:\WINDOWS\SYSTEM32\VERSION.dll
0x00007fff0d920000 - 0x00007fff0d93b000 	C:\Program Files\Java\jdk-17\bin\VCRUNTIME140.dll
0x00007fff17110000 - 0x00007fff1713f000 	C:\WINDOWS\System32\IMM32.DLL
0x00007fff0d910000 - 0x00007fff0d91c000 	C:\Program Files\Java\jdk-17\bin\vcruntime140_1.dll
0x00007fff0d580000 - 0x00007fff0d60e000 	C:\Program Files\Java\jdk-17\bin\msvcp140.dll
0x00007ffed74d0000 - 0x00007ffed80af000 	C:\Program Files\Java\jdk-17\bin\server\jvm.dll
0x00007ffef8ee0000 - 0x00007ffef8ee9000 	C:\WINDOWS\SYSTEM32\WSOCK32.dll
0x00007fff18840000 - 0x00007fff18848000 	C:\WINDOWS\System32\PSAPI.DLL
0x00007fff185b0000 - 0x00007fff1861b000 	C:\WINDOWS\System32\WS2_32.dll
0x00007fff00ca0000 - 0x00007fff00cc7000 	C:\WINDOWS\SYSTEM32\WINMM.dll
0x00007fff13ce0000 - 0x00007fff13cf2000 	C:\WINDOWS\SYSTEM32\kernel.appcore.dll
0x00007fff0d4e0000 - 0x00007fff0d4ea000 	C:\Program Files\Java\jdk-17\bin\jimage.dll
0x00007fff13610000 - 0x00007fff137f4000 	C:\WINDOWS\SYSTEM32\DBGHELP.DLL
0x00007fff001d0000 - 0x00007fff00204000 	C:\WINDOWS\SYSTEM32\dbgcore.DLL
0x00007fff16260000 - 0x00007fff162e2000 	C:\WINDOWS\System32\bcryptPrimitives.dll
0x00007fff116c0000 - 0x00007fff116ce000 	C:\Program Files\Java\jdk-17\bin\instrument.dll
0x00007fff0d420000 - 0x00007fff0d445000 	C:\Program Files\Java\jdk-17\bin\java.dll
0x00007ffeec560000 - 0x00007ffeec637000 	C:\Program Files\Java\jdk-17\bin\jsvml.dll
0x00007fff169a0000 - 0x00007fff1710c000 	C:\WINDOWS\System32\SHELL32.dll
0x00007fff13fc0000 - 0x00007fff1475e000 	C:\WINDOWS\SYSTEM32\windows.storage.dll
0x00007fff172d0000 - 0x00007fff17623000 	C:\WINDOWS\System32\combase.dll
0x00007fff15960000 - 0x00007fff1598e000 	C:\WINDOWS\SYSTEM32\Wldp.dll
0x00007fff18620000 - 0x00007fff186ed000 	C:\WINDOWS\System32\OLEAUT32.dll
0x00007fff17630000 - 0x00007fff176dd000 	C:\WINDOWS\System32\SHCORE.dll
0x00007fff17140000 - 0x00007fff17195000 	C:\WINDOWS\System32\shlwapi.dll
0x00007fff15e70000 - 0x00007fff15e94000 	C:\WINDOWS\SYSTEM32\profapi.dll
0x00007fff0a0f0000 - 0x00007fff0a108000 	C:\Program Files\Java\jdk-17\bin\zip.dll
0x00007fff0d400000 - 0x00007fff0d419000 	C:\Program Files\Java\jdk-17\bin\net.dll
0x00007fff0cc40000 - 0x00007fff0cd4a000 	C:\WINDOWS\SYSTEM32\WINHTTP.dll
0x00007fff156c0000 - 0x00007fff1572a000 	C:\WINDOWS\system32\mswsock.dll
0x00007fff0adc0000 - 0x00007fff0add6000 	C:\Program Files\Java\jdk-17\bin\nio.dll
0x00007fff0a0a0000 - 0x00007fff0a0b0000 	C:\Program Files\Java\jdk-17\bin\verify.dll
0x00007fff10580000 - 0x00007fff105a7000 	C:\Users\asus\.gradle\native\c067742578af261105cb4f569cf0c3c89f3d7b1fecec35dd04571415982c5e48\windows-amd64\native-platform.dll
0x00007ffee93f0000 - 0x00007ffee9534000 	C:\Users\asus\.gradle\native\100fb08df4bc3b14c8652ba06237920a3bd2aa13389f12d3474272988ae205f9\windows-amd64\native-platform-file-events.dll
0x00007fff10510000 - 0x00007fff1051a000 	C:\Program Files\Java\jdk-17\bin\management.dll
0x00007fff10500000 - 0x00007fff1050b000 	C:\Program Files\Java\jdk-17\bin\management_ext.dll
0x00007fff158b0000 - 0x00007fff158c8000 	C:\WINDOWS\SYSTEM32\CRYPTSP.dll
0x00007fff14f70000 - 0x00007fff14fa4000 	C:\WINDOWS\system32\rsaenh.dll
0x00007fff15e20000 - 0x00007fff15e4e000 	C:\WINDOWS\SYSTEM32\USERENV.dll
0x00007fff158d0000 - 0x00007fff158dc000 	C:\WINDOWS\SYSTEM32\CRYPTBASE.dll
0x00007fff15350000 - 0x00007fff1538b000 	C:\WINDOWS\SYSTEM32\IPHLPAPI.DLL
0x00007fff178a0000 - 0x00007fff178a8000 	C:\WINDOWS\System32\NSI.dll
0x00007fff0de40000 - 0x00007fff0de57000 	C:\WINDOWS\SYSTEM32\dhcpcsvc6.DLL
0x00007fff0e4f0000 - 0x00007fff0e50d000 	C:\WINDOWS\SYSTEM32\dhcpcsvc.DLL
0x00007fff153a0000 - 0x00007fff1546a000 	C:\WINDOWS\SYSTEM32\DNSAPI.dll
0x00007fff104f0000 - 0x00007fff104fe000 	C:\Program Files\Java\jdk-17\bin\sunmscapi.dll
0x00007fff16710000 - 0x00007fff1686e000 	C:\WINDOWS\System32\CRYPT32.dll
0x00007fff159d0000 - 0x00007fff159f9000 	C:\WINDOWS\SYSTEM32\ncrypt.dll
0x00007fff15990000 - 0x00007fff159cb000 	C:\WINDOWS\SYSTEM32\NTASN1.dll
0x00007fff0ec80000 - 0x00007fff0ec87000 	C:\WINDOWS\system32\wshunix.dll

dbghelp: loaded successfully - version: 4.0.5 - missing functions: none
symbol engine: initialized successfully - sym options: 0x614 - pdb path: .;C:\Program Files\Java\jdk-17\bin;C:\WINDOWS\SYSTEM32;C:\WINDOWS\WinSxS\amd64_microsoft.windows.common-controls_6595b64144ccf1df_6.0.19041.4355_none_60b8b9eb71f62e16;C:\Program Files\Java\jdk-17\bin\server;C:\Users\asus\.gradle\native\c067742578af261105cb4f569cf0c3c89f3d7b1fecec35dd04571415982c5e48\windows-amd64;C:\Users\asus\.gradle\native\100fb08df4bc3b14c8652ba06237920a3bd2aa13389f12d3474272988ae205f9\windows-amd64

VM Arguments:
jvm_args: --add-opens=java.base/java.util=ALL-UNNAMED --add-opens=java.base/java.lang=ALL-UNNAMED --add-opens=java.base/java.lang.invoke=ALL-UNNAMED --add-opens=java.prefs/java.util.prefs=ALL-UNNAMED --add-opens=java.base/java.nio.charset=ALL-UNNAMED --add-opens=java.base/java.net=ALL-UNNAMED --add-opens=java.base/java.util.concurrent.atomic=ALL-UNNAMED -XX:MaxMetaspaceSize=384m -XX:+HeapDumpOnOutOfMemoryError -Xms256m -Xmx512m -Dfile.encoding=windows-1252 -Duser.country=US -Duser.language=en -Duser.variant -javaagent:C:\Users\asus\.gradle\wrapper\dists\gradle-8.8-bin\dl7vupf4psengwqhwktix4v1\gradle-8.8\lib\agents\gradle-instrumentation-agent-8.8.jar 
java_command: org.gradle.launcher.daemon.bootstrap.GradleDaemon 8.8
java_class_path (initial): C:\Users\asus\.gradle\wrapper\dists\gradle-8.8-bin\dl7vupf4psengwqhwktix4v1\gradle-8.8\lib\gradle-launcher-8.8.jar
Launcher Type: SUN_STANDARD

[Global flags]
     intx CICompilerCount                          = 4                                         {product} {ergonomic}
   size_t CompressedClassSpaceSize                 = 335544320                                 {product} {ergonomic}
     uint ConcGCThreads                            = 2                                         {product} {ergonomic}
     uint G1ConcRefinementThreads                  = 8                                         {product} {ergonomic}
   size_t G1HeapRegionSize                         = 1048576                                   {product} {ergonomic}
    uintx GCDrainStackTargetSize                   = 64                                        {product} {ergonomic}
     bool HeapDumpOnOutOfMemoryError               = true                                   {manageable} {command line}
   size_t InitialHeapSize                          = 268435456                                 {product} {command line}
   size_t MarkStackSize                            = 4194304                                   {product} {ergonomic}
   size_t MaxHeapSize                              = 536870912                                 {product} {command line}
   size_t MaxMetaspaceSize                         = 402653184                                 {product} {command line}
   size_t MaxNewSize                               = 321912832                                 {product} {ergonomic}
   size_t MinHeapDeltaBytes                        = 1048576                                   {product} {ergonomic}
   size_t MinHeapSize                              = 268435456                                 {product} {command line}
    uintx NonNMethodCodeHeapSize                   = 5839372                                {pd product} {ergonomic}
    uintx NonProfiledCodeHeapSize                  = 122909434                              {pd product} {ergonomic}
    uintx ProfiledCodeHeapSize                     = 122909434                              {pd product} {ergonomic}
    uintx ReservedCodeCacheSize                    = 251658240                              {pd product} {ergonomic}
     bool SegmentedCodeCache                       = true                                      {product} {ergonomic}
   size_t SoftMaxHeapSize                          = 536870912                              {manageable} {ergonomic}
     bool UseCompressedClassPointers               = true                           {product lp64_product} {ergonomic}
     bool UseCompressedOops                        = true                           {product lp64_product} {ergonomic}
     bool UseG1GC                                  = true                                      {product} {ergonomic}
     bool UseLargePagesIndividualAllocation        = false                                  {pd product} {ergonomic}

Logging:
Log output configuration:
 #0: stdout all=warning uptime,level,tags
 #1: stderr all=off uptime,level,tags

Environment Variables:
JAVA_HOME=C:\Program Files\Java\jdk-21
PATH=C:\Program Files\Common Files\Oracle\Java\javapath;C:\Program Files\Common Files\Siemens\Automation\Simatic OAM\bin;C:\Program Files (x86)\Common Files\Intel\Shared Libraries\redist\intel64_win\compiler;C:\WINDOWS\system32;C:\WINDOWS;C:\WINDOWS\System32\Wbem;C:\WINDOWS\System32\WindowsPowerShell\v1.0\;C:\WINDOWS\System32\OpenSSH\;C:\Program Files\Java\jre1.8.0_301\bin;C:\Program Files\Java\jre1.8.0_301\bin;C:\Program Files (x86)\PICC;C:\Program Files\Microsoft SQL Server\150\Tools\Binn\;C:\Program Files\Cloudflare\Cloudflare WARP\;C:\Program Files (x86)\Microsoft SQL Server\160\Tools\Binn\;C:\Program Files\Microsoft SQL Server\160\Tools\Binn\;C:\Program Files\Microsoft SQL Server\Client SDK\ODBC\170\Tools\Binn\;C:\Program Files\Microsoft SQL Server\160\DTS\Binn\;C:\Program Files (x86)\Microsoft SQL Server\160\DTS\Binn\;C:\Program Files\Azure Data Studio\bin;C:\Users\asus\Downloads\apache-tomcat-8.5.34-windows-x64\apache-tomcat-8.5.34\bin;C:\Program Files\Java\jdk-21\bin;C:\Users\asus\Downloads\apache-maven-3.6.0\bin;C:\Program Files\Git\cmd;C:\Users\asus\AppData\Local\Microsoft\WindowsApps;C:\Program Files\Azure Data Studio\bin;C:\Program Files\JetBrains\IntelliJ IDEA 2023.2\bin;;C:\Program Files\JetBrains\WebStorm 2023.3.6\bin;
USERNAME=asus
OS=Windows_NT
PROCESSOR_IDENTIFIER=Intel64 Family 6 Model 158 Stepping 10, GenuineIntel



---------------  S Y S T E M  ---------------

OS:
 Windows 10 , 64 bit Build 19041 (10.0.19041.4597)
OS uptime: 0 days 6:23 hours

CPU: total 8 (initial active 8) (4 cores per cpu, 2 threads per core) family 6 model 158 stepping 10 microcode 0xb4, cx8, cmov, fxsr, ht, mmx, 3dnowpref, sse, sse2, sse3, ssse3, sse4.1, sse4.2, popcnt, lzcnt, tsc, tscinvbit, avx, avx2, aes, erms, clmul, bmi1, bmi2, adx, fma, vzeroupper, clflush, clflushopt

Memory: 4k page, system-wide physical 8043M (389M free)
TotalPageFile size 12139M (AvailPageFile size 108M)
current process WorkingSet (physical memory assigned to process): 376M, peak: 378M
current process commit charge ("private bytes"): 482M, peak: 484M

vm_info: Java HotSpot(TM) 64-Bit Server VM (17.0.10+11-LTS-240) for windows-amd64 JRE (17.0.10+11-LTS-240), built on Dec 19 2023 21:47:25 by "mach5one" with MS VC++ 17.1 (VS2022)

END.
